#
# A fatal error has been detected by the Java Runtime Environment:
#
#  EXCEPTION_ACCESS_VIOLATION (0xc0000005) at pc=0x00007ff9d3660cf8, pid=6548, tid=17364
#
# JRE version: OpenJDK Runtime Environment Microsoft-9889599 (17.0.12+7) (build 17.0.12+7-LTS)
# Java VM: OpenJDK 64-Bit Server VM Microsoft-9889599 (17.0.12+7-LTS, mixed mode, sharing, tiered, compressed oops, compressed class ptrs, g1 gc, windows-amd64)
# Problematic frame:
# V  [jvm.dll+0x9d0cf8]
#
# No core dump will be written. Minidumps are not enabled by default on client versions of Windows
#
# If you would like to submit a bug report, please visit:
#   https://github.com/microsoft/openjdk/issues
# The crash happened outside the Java Virtual Machine in native code.
# See problematic frame for where to report the bug.
#

---------------  S U M M A R Y ------------

Command Line: -XX:MaxMetaspaceSize=512m --add-opens=java.base/java.util=ALL-UNNAMED --add-opens=java.base/java.lang=ALL-UNNAMED --add-opens=java.base/java.lang.invoke=ALL-UNNAMED --add-opens=java.prefs/java.util.prefs=ALL-UNNAMED --add-opens=java.base/java.nio.charset=ALL-UNNAMED --add-opens=java.base/java.net=ALL-UNNAMED --add-opens=java.base/java.util.concurrent.atomic=ALL-UNNAMED -Xmx2048m -Dfile.encoding=windows-1252 -Duser.country=BR -Duser.language=pt -Duser.variant -javaagent:C:\Users\joiso\.gradle\wrapper\dists\gradle-8.8-all\6gdy1pgp427xkqcjbxw3ylt6h\gradle-8.8\lib\agents\gradle-instrumentation-agent-8.8.jar org.gradle.launcher.daemon.bootstrap.GradleDaemon 8.8

Host: Intel(R) Core(TM) i5-8250U CPU @ 1.60GHz, 8 cores, 19G,  Windows 11 , 64 bit Build 22621 (10.0.22621.3958)
Time: Tue Oct  1 17:11:53 2024 Hora Padrão de Buenos Aires elapsed time: 52.856263 seconds (0d 0h 0m 52s)

---------------  T H R E A D  ---------------

Current thread (0x000001ce9b66dd40):  JavaThread "File watcher server" daemon [_thread_in_native, id=17364, stack(0x0000002f96300000,0x0000002f96400000)]

Stack: [0x0000002f96300000,0x0000002f96400000],  sp=0x0000002f963feb78,  free space=1018k
Native frames: (J=compiled Java code, j=interpreted, Vv=VM code, C=native code)
V  [jvm.dll+0x9d0cf8]

Java frames: (J=compiled Java code, j=interpreted, Vv=VM code)
j  net.rubygrapefruit.platform.internal.jni.AbstractNativeFileEventFunctions$NativeFileWatcher.executeRunLoop0(Ljava/lang/Object;)V+0
j  net.rubygrapefruit.platform.internal.jni.AbstractNativeFileEventFunctions$NativeFileWatcher.executeRunLoop()V+5
j  net.rubygrapefruit.platform.internal.jni.AbstractFileEventFunctions$AbstractFileWatcher$1.run()V+21
v  ~StubRoutines::call_stub

siginfo: EXCEPTION_ACCESS_VIOLATION (0xc0000005), data execution prevention violation at address 0x00007ff9d3660cf8


Registers:
RAX=0x00007ff9d3660cf8, RBX=0x0000000000000000, RCX=0x0000002f99bfa568, RDX=0x0000000000000000
RSP=0x0000002f963feb78, RBP=0x0000002f963ff578, RSI=0x0000002f99bfa560, RDI=0x0000002f99bfa520
R8 =0x000001cec3d16300, R9 =0x0000000000000001, R10=0x0000000000000003, R11=0x0000002f963fe830
R12=0x0000000000000000, R13=0x000001ce9d189690, R14=0x0000000000000000, R15=0x000001ce9b66dd40
RIP=0x00007ff9d3660cf8, EFLAGS=0x0000000000010296


Register to memory mapping:

RIP=0x00007ff9d3660cf8 jvm.dll
RAX=0x00007ff9d3660cf8 jvm.dll
RBX=0x0 is NULL
RCX=0x0000002f99bfa568 is pointing into the stack for thread: 0x000001cea171cad0
RDX=0x0 is NULL
RSP=0x0000002f963feb78 is pointing into the stack for thread: 0x000001ce9b66dd40
RBP=0x0000002f963ff578 is pointing into the stack for thread: 0x000001ce9b66dd40
RSI=0x0000002f99bfa560 is pointing into the stack for thread: 0x000001cea171cad0
RDI=0x0000002f99bfa520 is pointing into the stack for thread: 0x000001cea171cad0
R8 =0x000001cec3d16300 points into unknown readable memory: 0x000001cec3d10de0 | e0 0d d1 c3 ce 01 00 00
R9 =0x0000000000000001 is an unknown value
R10=0x0000000000000003 is an unknown value
R11=0x0000002f963fe830 is pointing into the stack for thread: 0x000001ce9b66dd40
R12=0x0 is NULL
R13={method} {0x000001ce9d189698} 'executeRunLoop0' '(Ljava/lang/Object;)V' in 'net/rubygrapefruit/platform/internal/jni/AbstractNativeFileEventFunctions$NativeFileWatcher'
R14=0x0 is NULL
R15=0x000001ce9b66dd40 is a thread


Top of Stack: (sp=0x0000002f963feb78)
0x0000002f963feb78:   00007ff9e5936449 0000000000000000
0x0000002f963feb88:   000001ce804218d8 0000000000000000
0x0000002f963feb98:   00007ff9e59131d3 000001cea3d5fba8
0x0000002f963feba8:   00007ff9e593681f 00007ce260f03f4f
0x0000002f963febb8:   00007ff9e591db23 0000002f963ff5a0
0x0000002f963febc8:   0000002f99bfa520 00007ff9e590f1f0
0x0000002f963febd8:   00007ff9e592713b 0000002f99bfa560
0x0000002f963febe8:   000001ce802fcdd8 0000000000000000
0x0000002f963febf8:   00007ff9e591c04e 000001cea3d5fba0
0x0000002f963fec08:   00007ff9e5919346 0000002f99bfa560
0x0000002f963fec18:   0000002f963fec80 000001cea3d5fba0
0x0000002f963fec28:   00007ff9e58f20ef 0000000000000000
0x0000002f963fec38:   00007ff9e5926562 0000002f963fec80
0x0000002f963fec48:   0000002f99bfa560 000001ce00000000
0x0000002f963fec58:   000001cea2d2d1e0 0000000000000001
0x0000002f963fec68:   000001ce804216a8 0000000000000000
0x0000002f963fec78:   0000002f963fecb0 0000002f99bfa560
0x0000002f963fec88:   000001ced5189500 00007ff9e58f20ef
0x0000002f963fec98:   00007ff9e590f20d 0000002f99bfa520
0x0000002f963feca8:   0000000093880978 000001ce9b66dd40
0x0000002f963fecb8:   0000002f963ff5a0 0000002f99bfa520
0x0000002f963fecc8:   0000000000000000 0000002f963ff578
0x0000002f963fecd8:   00007ffa6770fbb2 0000002f99bfa520
0x0000002f963fece8:   0000000000000000 00007ff9e590f1f0
0x0000002f963fecf8:   0000002f95bf7b00 0000000000000048
0x0000002f963fed08:   00007ffa00000001 0000000000000000
0x0000002f963fed18:   0000000000000000 0000000000000030
0x0000002f963fed28:   ffffffffffffffff ffffffffffffffff
0x0000002f963fed38:   00007ffa6770fb9b 0000000000000000
0x0000002f963fed48:   0000002f963fed60 0000000000000001
0x0000002f963fed58:   00007ffa67733ffe 0000002f963ff380
0x0000002f963fed68:   0000002f939f1000 0000000000000000 

Instructions: (pc=0x00007ff9d3660cf8)
0x00007ff9d3660bf8:   48 10 70 d3 f9 7f 00 00 50 98 c9 d2 f9 7f 00 00
0x00007ff9d3660c08:   70 10 70 d3 f9 7f 00 00 50 98 c9 d2 f9 7f 00 00
0x00007ff9d3660c18:   20 d6 ce d2 f9 7f 00 00 2c a2 52 d3 f9 7f 00 00
0x00007ff9d3660c28:   2c a2 52 d3 f9 7f 00 00 2c a2 52 d3 f9 7f 00 00
0x00007ff9d3660c38:   2c a2 52 d3 f9 7f 00 00 20 d6 ce d2 f9 7f 00 00
0x00007ff9d3660c48:   20 d6 ce d2 f9 7f 00 00 20 d6 ce d2 f9 7f 00 00
0x00007ff9d3660c58:   20 d6 ce d2 f9 7f 00 00 20 d6 ce d2 f9 7f 00 00
0x00007ff9d3660c68:   20 d6 ce d2 f9 7f 00 00 20 d6 ce d2 f9 7f 00 00
0x00007ff9d3660c78:   20 d6 ce d2 f9 7f 00 00 20 d6 ce d2 f9 7f 00 00
0x00007ff9d3660c88:   20 d6 ce d2 f9 7f 00 00 20 d6 ce d2 f9 7f 00 00
0x00007ff9d3660c98:   20 d6 ce d2 f9 7f 00 00 20 d6 ce d2 f9 7f 00 00
0x00007ff9d3660ca8:   20 d6 ce d2 f9 7f 00 00 20 d6 ce d2 f9 7f 00 00
0x00007ff9d3660cb8:   20 d6 ce d2 f9 7f 00 00 60 5b 2f d3 f9 7f 00 00
0x00007ff9d3660cc8:   b0 16 48 d3 f9 7f 00 00 50 98 c9 d2 f9 7f 00 00
0x00007ff9d3660cd8:   f0 08 48 d3 f9 7f 00 00 f0 4e 06 d3 f9 7f 00 00
0x00007ff9d3660ce8:   20 27 48 d3 f9 7f 00 00 98 10 70 d3 f9 7f 00 00
0x00007ff9d3660cf8:   50 98 c9 d2 f9 7f 00 00 90 bb ec d2 f9 7f 00 00
0x00007ff9d3660d08:   f0 d1 47 d3 f9 7f 00 00 c0 33 48 d3 f9 7f 00 00
0x00007ff9d3660d18:   50 98 c9 d2 f9 7f 00 00 f0 1b 48 d3 f9 7f 00 00
0x00007ff9d3660d28:   20 d6 ce d2 f9 7f 00 00 30 24 ca d2 f9 7f 00 00
0x00007ff9d3660d38:   20 d6 ce d2 f9 7f 00 00 20 d6 ce d2 f9 7f 00 00
0x00007ff9d3660d48:   20 d6 ce d2 f9 7f 00 00 20 d6 ce d2 f9 7f 00 00
0x00007ff9d3660d58:   20 d6 ce d2 f9 7f 00 00 20 d6 ce d2 f9 7f 00 00
0x00007ff9d3660d68:   20 d6 ce d2 f9 7f 00 00 20 d6 ce d2 f9 7f 00 00
0x00007ff9d3660d78:   20 d6 ce d2 f9 7f 00 00 20 d6 ce d2 f9 7f 00 00
0x00007ff9d3660d88:   20 d6 ce d2 f9 7f 00 00 20 d6 ce d2 f9 7f 00 00
0x00007ff9d3660d98:   30 24 ca d2 f9 7f 00 00 a0 bb ec d2 f9 7f 00 00
0x00007ff9d3660da8:   e0 bb ec d2 f9 7f 00 00 70 15 48 d3 f9 7f 00 00
0x00007ff9d3660db8:   30 14 48 d3 f9 7f 00 00 a0 08 48 d3 f9 7f 00 00
0x00007ff9d3660dc8:   70 bc ec d2 f9 7f 00 00 80 25 48 d3 f9 7f 00 00
0x00007ff9d3660dd8:   90 11 48 d3 f9 7f 00 00 d0 fe 47 d3 f9 7f 00 00
0x00007ff9d3660de8:   c0 10 70 d3 f9 7f 00 00 80 36 fc d2 f9 7f 00 00 


Stack slot to memory mapping:
stack at sp + 0 slots: 0x00007ff9e5936449 native-platform-file-events.dll
stack at sp + 1 slots: 0x0 is NULL
stack at sp + 2 slots: {method} {0x000001ce804218e0} 'findEntry0' '(Ljdk/internal/loader/NativeLibraries$NativeLibraryImpl;Ljava/lang/String;)J' in 'jdk/internal/loader/NativeLibraries'
stack at sp + 3 slots: 0x0 is NULL
stack at sp + 4 slots: 0x00007ff9e59131d3 native-platform-file-events.dll
stack at sp + 5 slots: 0x000001cea3d5fba8 points into unknown readable memory: 0x6f4e676e69686374 | 74 63 68 69 6e 67 4e 6f
stack at sp + 6 slots: 0x00007ff9e593681f native-platform-file-events.dll
stack at sp + 7 slots: 0x00007ce260f03f4f is an unknown value


---------------  P R O C E S S  ---------------

Threads class SMR info:
_java_thread_list=0x000001cea2578960, length=82, elements={
0x000001cec61349a0, 0x000001ce9b011430, 0x000001ce9b012960, 0x000001ce9b029b90,
0x000001ce9b02a750, 0x000001ce9b02d120, 0x000001ce9b02faf0, 0x000001ce9b0307e0,
0x000001ce9b033a40, 0x000001ce9b03ac00, 0x000001cee45f89a0, 0x000001ce9b1a52a0,
0x000001cea05ae040, 0x000001cea0cdcc00, 0x000001ce9b5d29b0, 0x000001ce9b12da90,
0x000001cea0e4a460, 0x000001ce9b66ec70, 0x000001ce9b66f180, 0x000001ce9b66e760,
0x000001ce9b6705c0, 0x000001ce9b66f690, 0x000001ce9b66fba0, 0x000001ce9b6714f0,
0x000001ce9b6700b0, 0x000001ce9b670ad0, 0x000001ce9b66dd40, 0x000001ce9b66e250,
0x000001cea3158ad0, 0x000001cea315c280, 0x000001cea315bd70, 0x000001cea315d6c0,
0x000001cea3158fe0, 0x000001cea315e0e0, 0x000001cea315e5f0, 0x000001cea31580b0,
0x000001cea315ae40, 0x000001cea3157ba0, 0x000001cea315eb00, 0x000001cea315c790,
0x000001cea3159a00, 0x000001cea31585c0, 0x000001cea315a420, 0x000001cea315a930,
0x000001cea315b860, 0x000001cea3157690, 0x000001cea315f010, 0x000001cea315cca0,
0x000001cea20cd9f0, 0x000001cea20cb680, 0x000001cea20ccfd0, 0x000001cea20cbb90,
0x000001cea20cac60, 0x000001cea20cc0a0, 0x000001cea20d0c90, 0x000001cea20d11a0,
0x000001cea20cc5b0, 0x000001cea20cf340, 0x000001cea20d0780, 0x000001cea20ce920,
0x000001cea20ca750, 0x000001cea20d1bc0, 0x000001cea20d0270, 0x000001cea20d20d0,
0x000001cea20ccac0, 0x000001cea20cf850, 0x000001cea20cd4e0, 0x000001cea20cfd60,
0x000001cea20cee30, 0x000001cea20cb170, 0x000001cea20ce410, 0x000001cea171da00,
0x000001cea171c5c0, 0x000001cea171ee40, 0x000001cea171cad0, 0x000001cea17220e0,
0x000001cea1720280, 0x000001cea171bba0, 0x000001cea171fd70, 0x000001cea171df10,
0x000001cea1721bd0, 0x000001cea17225f0
}

Java Threads: ( => current thread )
  0x000001cec61349a0 JavaThread "main" [_thread_blocked, id=16536, stack(0x0000002f93c00000,0x0000002f93d00000)]
  0x000001ce9b011430 JavaThread "Reference Handler" daemon [_thread_blocked, id=17512, stack(0x0000002f94300000,0x0000002f94400000)]
  0x000001ce9b012960 JavaThread "Finalizer" daemon [_thread_blocked, id=11476, stack(0x0000002f94400000,0x0000002f94500000)]
  0x000001ce9b029b90 JavaThread "Signal Dispatcher" daemon [_thread_blocked, id=17664, stack(0x0000002f94500000,0x0000002f94600000)]
  0x000001ce9b02a750 JavaThread "Attach Listener" daemon [_thread_blocked, id=9476, stack(0x0000002f94600000,0x0000002f94700000)]
  0x000001ce9b02d120 JavaThread "Service Thread" daemon [_thread_blocked, id=5296, stack(0x0000002f94700000,0x0000002f94800000)]
  0x000001ce9b02faf0 JavaThread "Monitor Deflation Thread" daemon [_thread_blocked, id=3820, stack(0x0000002f94800000,0x0000002f94900000)]
  0x000001ce9b0307e0 JavaThread "C2 CompilerThread0" daemon [_thread_blocked, id=11160, stack(0x0000002f94900000,0x0000002f94a00000)]
  0x000001ce9b033a40 JavaThread "C1 CompilerThread0" daemon [_thread_blocked, id=9460, stack(0x0000002f94a00000,0x0000002f94b00000)]
  0x000001ce9b03ac00 JavaThread "Sweeper thread" daemon [_thread_blocked, id=19488, stack(0x0000002f94b00000,0x0000002f94c00000)]
  0x000001cee45f89a0 JavaThread "Common-Cleaner" daemon [_thread_blocked, id=2276, stack(0x0000002f94c00000,0x0000002f94d00000)]
  0x000001ce9b1a52a0 JavaThread "Notification Thread" daemon [_thread_blocked, id=9572, stack(0x0000002f94d00000,0x0000002f94e00000)]
  0x000001cea05ae040 JavaThread "Daemon health stats" [_thread_blocked, id=6052, stack(0x0000002f94f00000,0x0000002f95000000)]
  0x000001cea0cdcc00 JavaThread "Incoming local TCP Connector on port 55337" [_thread_in_native, id=3136, stack(0x0000002f95600000,0x0000002f95700000)]
  0x000001ce9b5d29b0 JavaThread "Daemon periodic checks" [_thread_blocked, id=18244, stack(0x0000002f95700000,0x0000002f95800000)]
  0x000001ce9b12da90 JavaThread "Daemon" [_thread_blocked, id=12696, stack(0x0000002f95800000,0x0000002f95900000)]
  0x000001cea0e4a460 JavaThread "Handler for socket connection from /127.0.0.1:55337 to /127.0.0.1:55340" [_thread_in_native, id=10636, stack(0x0000002f95900000,0x0000002f95a00000)]
  0x000001ce9b66ec70 JavaThread "Cancel handler" [_thread_blocked, id=5560, stack(0x0000002f95a00000,0x0000002f95b00000)]
  0x000001ce9b66f180 JavaThread "Daemon worker" [_thread_blocked, id=3660, stack(0x0000002f95b00000,0x0000002f95c00000)]
  0x000001ce9b66e760 JavaThread "Asynchronous log dispatcher for DefaultDaemonConnection: socket connection from /127.0.0.1:55337 to /127.0.0.1:55340" [_thread_blocked, id=17916, stack(0x0000002f95c00000,0x0000002f95d00000)]
  0x000001ce9b6705c0 JavaThread "Stdin handler" [_thread_blocked, id=8000, stack(0x0000002f95d00000,0x0000002f95e00000)]
  0x000001ce9b66f690 JavaThread "Daemon client event forwarder" [_thread_blocked, id=18660, stack(0x0000002f95e00000,0x0000002f95f00000)]
  0x000001ce9b66fba0 JavaThread "Cache worker for journal cache (C:\Users\joiso\.gradle\caches\journal-1)" [_thread_blocked, id=17444, stack(0x0000002f95f00000,0x0000002f96000000)]
  0x000001ce9b6714f0 JavaThread "File lock request listener" [_thread_in_native, id=17908, stack(0x0000002f96000000,0x0000002f96100000)]
  0x000001ce9b6700b0 JavaThread "Cache worker for file hash cache (C:\Users\joiso\.gradle\caches\8.8\fileHashes)" [_thread_blocked, id=20324, stack(0x0000002f96100000,0x0000002f96200000)]
  0x000001ce9b670ad0 JavaThread "Cache worker for file hash cache (C:\Projetos\OralDMPlus\android\.gradle\8.8\fileHashes)" [_thread_blocked, id=15352, stack(0x0000002f96400000,0x0000002f96500000)]
=>0x000001ce9b66dd40 JavaThread "File watcher server" daemon [_thread_in_native, id=17364, stack(0x0000002f96300000,0x0000002f96400000)]
  0x000001ce9b66e250 JavaThread "File watcher consumer" daemon [_thread_blocked, id=11700, stack(0x0000002f96600000,0x0000002f96700000)]
  0x000001cea3158ad0 JavaThread "Cache worker for checksums cache (C:\Projetos\OralDMPlus\android\.gradle\8.8\checksums)" [_thread_blocked, id=18724, stack(0x0000002f96200000,0x0000002f96300000)]
  0x000001cea315c280 JavaThread "Cache worker for file content cache (C:\Users\joiso\.gradle\caches\8.8\fileContent)" [_thread_blocked, id=1524, stack(0x0000002f96800000,0x0000002f96900000)]
  0x000001cea315bd70 JavaThread "Cache worker for cache directory md-rule (C:\Users\joiso\.gradle\caches\8.8\md-rule)" [_thread_blocked, id=19104, stack(0x0000002f96900000,0x0000002f96a00000)]
  0x000001cea315d6c0 JavaThread "Cache worker for cache directory md-supplier (C:\Users\joiso\.gradle\caches\8.8\md-supplier)" [_thread_blocked, id=4180, stack(0x0000002f96b00000,0x0000002f96c00000)]
  0x000001cea3158fe0 JavaThread "jar transforms" [_thread_blocked, id=17660, stack(0x0000002f96e00000,0x0000002f96f00000)]
  0x000001cea315e0e0 JavaThread "Unconstrained build operations" [_thread_blocked, id=11472, stack(0x0000002f96d00000,0x0000002f96e00000)]
  0x000001cea315e5f0 JavaThread "Unconstrained build operations Thread 2" [_thread_blocked, id=15156, stack(0x0000002f96f00000,0x0000002f97000000)]
  0x000001cea31580b0 JavaThread "Unconstrained build operations Thread 3" [_thread_blocked, id=15860, stack(0x0000002f97000000,0x0000002f97100000)]
  0x000001cea315ae40 JavaThread "Unconstrained build operations Thread 4" [_thread_blocked, id=19264, stack(0x0000002f97100000,0x0000002f97200000)]
  0x000001cea3157ba0 JavaThread "Unconstrained build operations Thread 5" [_thread_blocked, id=13528, stack(0x0000002f97200000,0x0000002f97300000)]
  0x000001cea315eb00 JavaThread "Unconstrained build operations Thread 6" [_thread_blocked, id=17760, stack(0x0000002f97300000,0x0000002f97400000)]
  0x000001cea315c790 JavaThread "Cache worker for Build Output Cleanup Cache (C:\Projetos\OralDMPlus\node_modules\@react-native\gradle-plugin\.gradle\buildOutputCleanup)" [_thread_blocked, id=2620, stack(0x0000002f97500000,0x0000002f97600000)]
  0x000001cea3159a00 JavaThread "Unconstrained build operations Thread 7" [_thread_blocked, id=14632, stack(0x0000002f97600000,0x0000002f97700000)]
  0x000001cea31585c0 JavaThread "Unconstrained build operations Thread 8" [_thread_blocked, id=11260, stack(0x0000002f97700000,0x0000002f97800000)]
  0x000001cea315a420 JavaThread "Unconstrained build operations Thread 9" [_thread_blocked, id=7944, stack(0x0000002f97800000,0x0000002f97900000)]
  0x000001cea315a930 JavaThread "Unconstrained build operations Thread 10" [_thread_blocked, id=10132, stack(0x0000002f97900000,0x0000002f97a00000)]
  0x000001cea315b860 JavaThread "Unconstrained build operations Thread 11" [_thread_blocked, id=19180, stack(0x0000002f97a00000,0x0000002f97b00000)]
  0x000001cea3157690 JavaThread "Unconstrained build operations Thread 12" [_thread_blocked, id=1788, stack(0x0000002f97b00000,0x0000002f97c00000)]
  0x000001cea315f010 JavaThread "Unconstrained build operations Thread 13" [_thread_blocked, id=19616, stack(0x0000002f97c00000,0x0000002f97d00000)]
  0x000001cea315cca0 JavaThread "Unconstrained build operations Thread 14" [_thread_blocked, id=860, stack(0x0000002f97d00000,0x0000002f97e00000)]
  0x000001cea20cd9f0 JavaThread "Unconstrained build operations Thread 15" [_thread_blocked, id=14828, stack(0x0000002f97e00000,0x0000002f97f00000)]
  0x000001cea20cb680 JavaThread "Unconstrained build operations Thread 16" [_thread_blocked, id=3324, stack(0x0000002f97f00000,0x0000002f98000000)]
  0x000001cea20ccfd0 JavaThread "Unconstrained build operations Thread 17" [_thread_blocked, id=17040, stack(0x0000002f97400000,0x0000002f97500000)]
  0x000001cea20cbb90 JavaThread "Unconstrained build operations Thread 18" [_thread_blocked, id=18564, stack(0x0000002f98000000,0x0000002f98100000)]
  0x000001cea20cac60 JavaThread "Unconstrained build operations Thread 19" [_thread_blocked, id=11120, stack(0x0000002f98100000,0x0000002f98200000)]
  0x000001cea20cc0a0 JavaThread "Unconstrained build operations Thread 20" [_thread_blocked, id=9256, stack(0x0000002f98200000,0x0000002f98300000)]
  0x000001cea20d0c90 JavaThread "Unconstrained build operations Thread 21" [_thread_blocked, id=3840, stack(0x0000002f98300000,0x0000002f98400000)]
  0x000001cea20d11a0 JavaThread "Unconstrained build operations Thread 22" [_thread_blocked, id=14580, stack(0x0000002f98400000,0x0000002f98500000)]
  0x000001cea20cc5b0 JavaThread "Unconstrained build operations Thread 23" [_thread_blocked, id=1588, stack(0x0000002f98500000,0x0000002f98600000)]
  0x000001cea20cf340 JavaThread "Unconstrained build operations Thread 24" [_thread_blocked, id=18812, stack(0x0000002f98600000,0x0000002f98700000)]
  0x000001cea20d0780 JavaThread "Unconstrained build operations Thread 25" [_thread_blocked, id=12432, stack(0x0000002f98700000,0x0000002f98800000)]
  0x000001cea20ce920 JavaThread "Unconstrained build operations Thread 26" [_thread_blocked, id=2372, stack(0x0000002f98800000,0x0000002f98900000)]
  0x000001cea20ca750 JavaThread "Unconstrained build operations Thread 27" [_thread_blocked, id=17460, stack(0x0000002f98900000,0x0000002f98a00000)]
  0x000001cea20d1bc0 JavaThread "Memory manager" [_thread_blocked, id=13280, stack(0x0000002f98a00000,0x0000002f98b00000)]
  0x000001cea20d0270 JavaThread "build event listener" [_thread_blocked, id=4224, stack(0x0000002f98b00000,0x0000002f98c00000)]
  0x000001cea20d20d0 JavaThread "ForkJoinPool.commonPool-worker-1" daemon [_thread_blocked, id=1728, stack(0x0000002f98f00000,0x0000002f99000000)]
  0x000001cea20ccac0 JavaThread "ForkJoinPool.commonPool-worker-2" daemon [_thread_blocked, id=900, stack(0x0000002f99000000,0x0000002f99100000)]
  0x000001cea20cf850 JavaThread "ForkJoinPool.commonPool-worker-3" daemon [_thread_blocked, id=3076, stack(0x0000002f99100000,0x0000002f99200000)]
  0x000001cea20cd4e0 JavaThread "ForkJoinPool.commonPool-worker-4" daemon [_thread_blocked, id=13828, stack(0x0000002f99200000,0x0000002f99300000)]
  0x000001cea20cfd60 JavaThread "ForkJoinPool.commonPool-worker-6" daemon [_thread_blocked, id=12956, stack(0x0000002f99300000,0x0000002f99400000)]
  0x000001cea20cee30 JavaThread "ForkJoinPool.commonPool-worker-5" daemon [_thread_blocked, id=1564, stack(0x0000002f99400000,0x0000002f99500000)]
  0x000001cea20cb170 JavaThread "ForkJoinPool.commonPool-worker-7" daemon [_thread_blocked, id=18368, stack(0x0000002f99500000,0x0000002f99600000)]
  0x000001cea20ce410 JavaThread "Exec process" [_thread_blocked, id=16548, stack(0x0000002f99600000,0x0000002f99700000)]
  0x000001cea171da00 JavaThread "Exec process Thread 2" [_thread_blocked, id=15260, stack(0x0000002f99700000,0x0000002f99800000)]
  0x000001cea171c5c0 JavaThread "Exec process Thread 3" [_thread_blocked, id=18992, stack(0x0000002f99800000,0x0000002f99900000)]
  0x000001cea171ee40 JavaThread "included builds" [_thread_blocked, id=13288, stack(0x0000002f99a00000,0x0000002f99b00000)]
  0x000001cea171cad0 JavaThread "Execution worker" [_thread_in_native, id=17228, stack(0x0000002f99b00000,0x0000002f99c00000)]
  0x000001cea17220e0 JavaThread "Execution worker Thread 2" [_thread_blocked, id=8424, stack(0x0000002f99c00000,0x0000002f99d00000)]
  0x000001cea1720280 JavaThread "Execution worker Thread 3" [_thread_blocked, id=18500, stack(0x0000002f99d00000,0x0000002f99e00000)]
  0x000001cea171bba0 JavaThread "Execution worker Thread 4" [_thread_blocked, id=4652, stack(0x0000002f99e00000,0x0000002f99f00000)]
  0x000001cea171fd70 JavaThread "Execution worker Thread 5" [_thread_blocked, id=18356, stack(0x0000002f99f00000,0x0000002f9a000000)]
  0x000001cea171df10 JavaThread "Execution worker Thread 6" [_thread_blocked, id=8816, stack(0x0000002f9a000000,0x0000002f9a100000)]
  0x000001cea1721bd0 JavaThread "Execution worker Thread 7" [_thread_blocked, id=13064, stack(0x0000002f9a100000,0x0000002f9a200000)]
  0x000001cea17225f0 JavaThread "Cache worker for execution history cache (C:\Projetos\OralDMPlus\node_modules\@react-native\gradle-plugin\.gradle\8.8\executionHistory)" [_thread_blocked, id=17548, stack(0x0000002f9a200000,0x0000002f9a300000)]

Other Threads:
  0x000001ce9b00c5c0 VMThread "VM Thread" [stack: 0x0000002f94200000,0x0000002f94300000] [id=15620]
  0x000001cec6135820 WatcherThread [stack: 0x0000002f94e00000,0x0000002f94f00000] [id=10564]
  0x000001cec3e9ec40 GCTaskThread "GC Thread#0" [stack: 0x0000002f93d00000,0x0000002f93e00000] [id=13904]
  0x000001ce9b4a2060 GCTaskThread "GC Thread#1" [stack: 0x0000002f95000000,0x0000002f95100000] [id=10592]
  0x000001cea0388010 GCTaskThread "GC Thread#2" [stack: 0x0000002f95100000,0x0000002f95200000] [id=14472]
  0x000001ce9bbaf770 GCTaskThread "GC Thread#3" [stack: 0x0000002f95200000,0x0000002f95300000] [id=19512]
  0x000001ce9b56d350 GCTaskThread "GC Thread#4" [stack: 0x0000002f95300000,0x0000002f95400000] [id=13764]
  0x000001ce9bbafa30 GCTaskThread "GC Thread#5" [stack: 0x0000002f95400000,0x0000002f95500000] [id=5044]
  0x000001ce9bbafcf0 GCTaskThread "GC Thread#6" [stack: 0x0000002f95500000,0x0000002f95600000] [id=17864]
  0x000001cea3a38850 GCTaskThread "GC Thread#7" [stack: 0x0000002f96500000,0x0000002f96600000] [id=8492]
  0x000001cec619b340 ConcurrentGCThread "G1 Main Marker" [stack: 0x0000002f93e00000,0x0000002f93f00000] [id=2764]
  0x000001cec619bd60 ConcurrentGCThread "G1 Conc#0" [stack: 0x0000002f93f00000,0x0000002f94000000] [id=18700]
  0x000001cea20c2450 ConcurrentGCThread "G1 Conc#1" [stack: 0x0000002f96700000,0x0000002f96800000] [id=20316]
  0x000001cec61dd910 ConcurrentGCThread "G1 Refine#0" [stack: 0x0000002f94000000,0x0000002f94100000] [id=16156]
  0x000001cea1a3a230 ConcurrentGCThread "G1 Refine#1" [stack: 0x0000002f96c00000,0x0000002f96d00000] [id=8208]
  0x000001cec61de340 ConcurrentGCThread "G1 Service" [stack: 0x0000002f94100000,0x0000002f94200000] [id=20388]

Threads with active compile tasks:

VM state: not at safepoint (normal execution)

VM Mutex/Monitor currently owned by a thread: None

Heap address: 0x0000000080000000, size: 2048 MB, Compressed Oops mode: 32-bit

CDS archive(s) mapped at: [0x000001ce80000000-0x000001ce80bb0000-0x000001ce80bb0000), size 12255232, SharedBaseAddress: 0x000001ce80000000, ArchiveRelocationMode: 1.
Compressed class space mapped at: 0x000001ce81000000-0x000001ce9b000000, reserved size: 436207616
Narrow klass base: 0x000001ce80000000, Narrow klass shift: 0, Narrow klass range: 0x100000000

GC Precious Log:
 CPUs: 8 total, 8 available
 Memory: 20389M
 Large Page Support: Disabled
 NUMA Support: Disabled
 Compressed Oops: Enabled (32-bit)
 Heap Region Size: 1M
 Heap Min Capacity: 8M
 Heap Initial Capacity: 320M
 Heap Max Capacity: 2G
 Pre-touch: Disabled
 Parallel Workers: 8
 Concurrent Workers: 2
 Concurrent Refinement Workers: 8
 Periodic GC: Disabled

Heap:
 garbage-first heap   total 233472K, used 128125K [0x0000000080000000, 0x0000000100000000)
  region size 1024K, 61 young (62464K), 3 survivors (3072K)
 Metaspace       used 73794K, committed 74496K, reserved 491520K
  class space    used 10401K, committed 10752K, reserved 425984K

Heap Regions: E=young(eden), S=young(survivor), O=old, HS=humongous(starts), HC=humongous(continues), CS=collection set, F=free, OA=open archive, CA=closed archive, TAMS=top-at-mark-start (previous, next)
|   0|0x0000000080000000, 0x0000000080100000, 0x0000000080100000|100%|HS|  |TAMS 0x0000000080100000, 0x0000000080000000| Complete 
|   1|0x0000000080100000, 0x0000000080200000, 0x0000000080200000|100%|HC|  |TAMS 0x0000000080200000, 0x0000000080100000| Complete 
|   2|0x0000000080200000, 0x0000000080300000, 0x0000000080300000|100%|HC|  |TAMS 0x0000000080300000, 0x0000000080200000| Complete 
|   3|0x0000000080300000, 0x0000000080400000, 0x0000000080400000|100%|HC|  |TAMS 0x0000000080400000, 0x0000000080300000| Complete 
|   4|0x0000000080400000, 0x0000000080500000, 0x0000000080500000|100%| O|  |TAMS 0x0000000080500000, 0x0000000080400000| Untracked 
|   5|0x0000000080500000, 0x0000000080600000, 0x0000000080600000|100%| O|  |TAMS 0x0000000080600000, 0x0000000080500000| Untracked 
|   6|0x0000000080600000, 0x0000000080700000, 0x0000000080700000|100%| O|  |TAMS 0x0000000080700000, 0x0000000080600000| Untracked 
|   7|0x0000000080700000, 0x0000000080800000, 0x0000000080800000|100%| O|  |TAMS 0x0000000080800000, 0x0000000080700000| Untracked 
|   8|0x0000000080800000, 0x0000000080900000, 0x0000000080900000|100%| O|  |TAMS 0x0000000080900000, 0x0000000080800000| Untracked 
|   9|0x0000000080900000, 0x0000000080a00000, 0x0000000080a00000|100%| O|  |TAMS 0x0000000080a00000, 0x0000000080900000| Untracked 
|  10|0x0000000080a00000, 0x0000000080b00000, 0x0000000080b00000|100%| O|  |TAMS 0x0000000080b00000, 0x0000000080a00000| Untracked 
|  11|0x0000000080b00000, 0x0000000080c00000, 0x0000000080c00000|100%|HS|  |TAMS 0x0000000080c00000, 0x0000000080b00000| Complete 
|  12|0x0000000080c00000, 0x0000000080d00000, 0x0000000080d00000|100%| O|  |TAMS 0x0000000080d00000, 0x0000000080c00000| Untracked 
|  13|0x0000000080d00000, 0x0000000080e00000, 0x0000000080e00000|100%| O|  |TAMS 0x0000000080e00000, 0x0000000080d00000| Untracked 
|  14|0x0000000080e00000, 0x0000000080f00000, 0x0000000080f00000|100%| O|  |TAMS 0x0000000080f00000, 0x0000000080e00000| Untracked 
|  15|0x0000000080f00000, 0x0000000081000000, 0x0000000081000000|100%| O|  |TAMS 0x0000000081000000, 0x0000000080f00000| Untracked 
|  16|0x0000000081000000, 0x0000000081100000, 0x0000000081100000|100%| O|  |TAMS 0x0000000081100000, 0x0000000081000000| Untracked 
|  17|0x0000000081100000, 0x0000000081200000, 0x0000000081200000|100%| O|  |TAMS 0x0000000081200000, 0x0000000081100000| Untracked 
|  18|0x0000000081200000, 0x0000000081300000, 0x0000000081300000|100%| O|  |TAMS 0x0000000081300000, 0x0000000081200000| Untracked 
|  19|0x0000000081300000, 0x0000000081400000, 0x0000000081400000|100%| O|  |TAMS 0x0000000081400000, 0x0000000081300000| Untracked 
|  20|0x0000000081400000, 0x0000000081500000, 0x0000000081500000|100%| O|  |TAMS 0x0000000081500000, 0x0000000081400000| Untracked 
|  21|0x0000000081500000, 0x0000000081600000, 0x0000000081600000|100%| O|  |TAMS 0x0000000081600000, 0x0000000081500000| Untracked 
|  22|0x0000000081600000, 0x0000000081700000, 0x0000000081700000|100%| O|  |TAMS 0x0000000081700000, 0x0000000081600000| Untracked 
|  23|0x0000000081700000, 0x0000000081700000, 0x0000000081800000|  0%| F|  |TAMS 0x0000000081700000, 0x0000000081700000| Untracked 
|  24|0x0000000081800000, 0x0000000081900000, 0x0000000081900000|100%| O|  |TAMS 0x0000000081900000, 0x0000000081800000| Untracked 
|  25|0x0000000081900000, 0x0000000081a00000, 0x0000000081a00000|100%| O|  |TAMS 0x0000000081a00000, 0x0000000081900000| Untracked 
|  26|0x0000000081a00000, 0x0000000081b00000, 0x0000000081b00000|100%| O|  |TAMS 0x0000000081b00000, 0x0000000081a00000| Untracked 
|  27|0x0000000081b00000, 0x0000000081c00000, 0x0000000081c00000|100%| O|  |TAMS 0x0000000081c00000, 0x0000000081b00000| Untracked 
|  28|0x0000000081c00000, 0x0000000081d00000, 0x0000000081d00000|100%| O|  |TAMS 0x0000000081d00000, 0x0000000081c00000| Untracked 
|  29|0x0000000081d00000, 0x0000000081e00000, 0x0000000081e00000|100%| O|  |TAMS 0x0000000081e00000, 0x0000000081d00000| Untracked 
|  30|0x0000000081e00000, 0x0000000081f00000, 0x0000000081f00000|100%| O|  |TAMS 0x0000000081f00000, 0x0000000081e00000| Untracked 
|  31|0x0000000081f00000, 0x0000000082000000, 0x0000000082000000|100%| O|  |TAMS 0x0000000082000000, 0x0000000081f00000| Untracked 
|  32|0x0000000082000000, 0x0000000082100000, 0x0000000082100000|100%| O|  |TAMS 0x0000000082100000, 0x0000000082000000| Untracked 
|  33|0x0000000082100000, 0x0000000082200000, 0x0000000082200000|100%| O|  |TAMS 0x0000000082200000, 0x0000000082100000| Untracked 
|  34|0x0000000082200000, 0x0000000082300000, 0x0000000082300000|100%| O|  |TAMS 0x0000000082300000, 0x0000000082200000| Untracked 
|  35|0x0000000082300000, 0x0000000082400000, 0x0000000082400000|100%| O|  |TAMS 0x0000000082400000, 0x0000000082300000| Untracked 
|  36|0x0000000082400000, 0x0000000082500000, 0x0000000082500000|100%| O|  |TAMS 0x0000000082500000, 0x0000000082400000| Untracked 
|  37|0x0000000082500000, 0x0000000082600000, 0x0000000082600000|100%| O|  |TAMS 0x0000000082600000, 0x0000000082500000| Untracked 
|  38|0x0000000082600000, 0x0000000082700000, 0x0000000082700000|100%| O|  |TAMS 0x0000000082700000, 0x0000000082600000| Untracked 
|  39|0x0000000082700000, 0x0000000082800000, 0x0000000082800000|100%| O|  |TAMS 0x0000000082800000, 0x0000000082700000| Untracked 
|  40|0x0000000082800000, 0x0000000082900000, 0x0000000082900000|100%| O|  |TAMS 0x0000000082900000, 0x0000000082800000| Untracked 
|  41|0x0000000082900000, 0x0000000082a00000, 0x0000000082a00000|100%| O|  |TAMS 0x0000000082a00000, 0x0000000082900000| Untracked 
|  42|0x0000000082a00000, 0x0000000082b00000, 0x0000000082b00000|100%| O|  |TAMS 0x0000000082b00000, 0x0000000082a00000| Untracked 
|  43|0x0000000082b00000, 0x0000000082c00000, 0x0000000082c00000|100%| O|  |TAMS 0x0000000082c00000, 0x0000000082b00000| Untracked 
|  44|0x0000000082c00000, 0x0000000082d00000, 0x0000000082d00000|100%| O|  |TAMS 0x0000000082d00000, 0x0000000082c00000| Untracked 
|  45|0x0000000082d00000, 0x0000000082e00000, 0x0000000082e00000|100%| O|  |TAMS 0x0000000082e00000, 0x0000000082d00000| Complete 
|  46|0x0000000082e00000, 0x0000000082f00000, 0x0000000082f00000|100%| O|  |TAMS 0x0000000082f00000, 0x0000000082e00000| Untracked 
|  47|0x0000000082f00000, 0x0000000083000000, 0x0000000083000000|100%|HS|  |TAMS 0x0000000083000000, 0x0000000082f00000| Complete 
|  48|0x0000000083000000, 0x0000000083100000, 0x0000000083100000|100%|HC|  |TAMS 0x0000000083100000, 0x0000000083000000| Complete 
|  49|0x0000000083100000, 0x0000000083200000, 0x0000000083200000|100%|HS|  |TAMS 0x0000000083200000, 0x0000000083100000| Complete 
|  50|0x0000000083200000, 0x0000000083300000, 0x0000000083300000|100%|HC|  |TAMS 0x0000000083300000, 0x0000000083200000| Complete 
|  51|0x0000000083300000, 0x0000000083400000, 0x0000000083400000|100%|HS|  |TAMS 0x0000000083400000, 0x0000000083300000| Complete 
|  52|0x0000000083400000, 0x0000000083500000, 0x0000000083500000|100%|HC|  |TAMS 0x0000000083500000, 0x0000000083400000| Complete 
|  53|0x0000000083500000, 0x0000000083600000, 0x0000000083600000|100%|HC|  |TAMS 0x0000000083600000, 0x0000000083500000| Complete 
|  54|0x0000000083600000, 0x0000000083700000, 0x0000000083700000|100%|HC|  |TAMS 0x0000000083700000, 0x0000000083600000| Complete 
|  55|0x0000000083700000, 0x0000000083800000, 0x0000000083800000|100%|HS|  |TAMS 0x0000000083800000, 0x0000000083700000| Complete 
|  56|0x0000000083800000, 0x0000000083900000, 0x0000000083900000|100%|HC|  |TAMS 0x0000000083900000, 0x0000000083800000| Complete 
|  57|0x0000000083900000, 0x0000000083a00000, 0x0000000083a00000|100%|HC|  |TAMS 0x0000000083a00000, 0x0000000083900000| Complete 
|  58|0x0000000083a00000, 0x0000000083b00000, 0x0000000083b00000|100%|HC|  |TAMS 0x0000000083b00000, 0x0000000083a00000| Complete 
|  59|0x0000000083b00000, 0x0000000083c00000, 0x0000000083c00000|100%| O|  |TAMS 0x0000000083c00000, 0x0000000083b00000| Untracked 
|  60|0x0000000083c00000, 0x0000000083d00000, 0x0000000083d00000|100%| O|  |TAMS 0x0000000083d00000, 0x0000000083c00000| Untracked 
|  61|0x0000000083d00000, 0x0000000083e00000, 0x0000000083e00000|100%| O|  |TAMS 0x0000000083e00000, 0x0000000083d00000| Untracked 
|  62|0x0000000083e00000, 0x0000000083f00000, 0x0000000083f00000|100%| O|  |TAMS 0x0000000083f00000, 0x0000000083e00000| Untracked 
|  63|0x0000000083f00000, 0x0000000084000000, 0x0000000084000000|100%| O|  |TAMS 0x0000000084000000, 0x0000000083f00000| Untracked 
|  64|0x0000000084000000, 0x0000000084100000, 0x0000000084100000|100%| O|  |TAMS 0x0000000084100000, 0x0000000084000000| Untracked 
|  65|0x0000000084100000, 0x0000000084200000, 0x0000000084200000|100%| O|  |TAMS 0x0000000084200000, 0x0000000084100000| Untracked 
|  66|0x0000000084200000, 0x0000000084300000, 0x0000000084300000|100%| O|  |TAMS 0x0000000084300000, 0x0000000084200000| Untracked 
|  67|0x0000000084300000, 0x0000000084324e00, 0x0000000084400000| 14%| O|  |TAMS 0x0000000084324e00, 0x0000000084300000| Untracked 
|  68|0x0000000084400000, 0x0000000084400000, 0x0000000084500000|  0%| F|  |TAMS 0x0000000084400000, 0x0000000084400000| Untracked 
|  69|0x0000000084500000, 0x0000000084500000, 0x0000000084600000|  0%| F|  |TAMS 0x0000000084500000, 0x0000000084500000| Untracked 
|  70|0x0000000084600000, 0x0000000084600000, 0x0000000084700000|  0%| F|  |TAMS 0x0000000084600000, 0x0000000084600000| Untracked 
|  71|0x0000000084700000, 0x0000000084700000, 0x0000000084800000|  0%| F|  |TAMS 0x0000000084700000, 0x0000000084700000| Untracked 
|  72|0x0000000084800000, 0x0000000084800000, 0x0000000084900000|  0%| F|  |TAMS 0x0000000084800000, 0x0000000084800000| Untracked 
|  73|0x0000000084900000, 0x0000000084900000, 0x0000000084a00000|  0%| F|  |TAMS 0x0000000084900000, 0x0000000084900000| Untracked 
|  74|0x0000000084a00000, 0x0000000084a00000, 0x0000000084b00000|  0%| F|  |TAMS 0x0000000084a00000, 0x0000000084a00000| Untracked 
|  75|0x0000000084b00000, 0x0000000084b00000, 0x0000000084c00000|  0%| F|  |TAMS 0x0000000084b00000, 0x0000000084b00000| Untracked 
|  76|0x0000000084c00000, 0x0000000084c00000, 0x0000000084d00000|  0%| F|  |TAMS 0x0000000084c00000, 0x0000000084c00000| Untracked 
|  77|0x0000000084d00000, 0x0000000084d00000, 0x0000000084e00000|  0%| F|  |TAMS 0x0000000084d00000, 0x0000000084d00000| Untracked 
|  78|0x0000000084e00000, 0x0000000084e00000, 0x0000000084f00000|  0%| F|  |TAMS 0x0000000084e00000, 0x0000000084e00000| Untracked 
|  79|0x0000000084f00000, 0x0000000084f00000, 0x0000000085000000|  0%| F|  |TAMS 0x0000000084f00000, 0x0000000084f00000| Untracked 
|  80|0x0000000085000000, 0x0000000085000000, 0x0000000085100000|  0%| F|  |TAMS 0x0000000085000000, 0x0000000085000000| Untracked 
|  81|0x0000000085100000, 0x0000000085100000, 0x0000000085200000|  0%| F|  |TAMS 0x0000000085100000, 0x0000000085100000| Untracked 
|  82|0x0000000085200000, 0x0000000085200000, 0x0000000085300000|  0%| F|  |TAMS 0x0000000085200000, 0x0000000085200000| Untracked 
|  83|0x0000000085300000, 0x0000000085300000, 0x0000000085400000|  0%| F|  |TAMS 0x0000000085300000, 0x0000000085300000| Untracked 
|  84|0x0000000085400000, 0x00000000854fa880, 0x0000000085500000| 97%| S|CS|TAMS 0x0000000085400000, 0x0000000085400000| Complete 
|  85|0x0000000085500000, 0x0000000085600000, 0x0000000085600000|100%| S|CS|TAMS 0x0000000085500000, 0x0000000085500000| Complete 
|  86|0x0000000085600000, 0x0000000085700000, 0x0000000085700000|100%| S|CS|TAMS 0x0000000085600000, 0x0000000085600000| Complete 
|  87|0x0000000085700000, 0x0000000085700000, 0x0000000085800000|  0%| F|  |TAMS 0x0000000085700000, 0x0000000085700000| Untracked 
|  88|0x0000000085800000, 0x0000000085800000, 0x0000000085900000|  0%| F|  |TAMS 0x0000000085800000, 0x0000000085800000| Untracked 
|  89|0x0000000085900000, 0x0000000085900000, 0x0000000085a00000|  0%| F|  |TAMS 0x0000000085900000, 0x0000000085900000| Untracked 
|  90|0x0000000085a00000, 0x0000000085a00000, 0x0000000085b00000|  0%| F|  |TAMS 0x0000000085a00000, 0x0000000085a00000| Untracked 
|  91|0x0000000085b00000, 0x0000000085b00000, 0x0000000085c00000|  0%| F|  |TAMS 0x0000000085b00000, 0x0000000085b00000| Untracked 
|  92|0x0000000085c00000, 0x0000000085c00000, 0x0000000085d00000|  0%| F|  |TAMS 0x0000000085c00000, 0x0000000085c00000| Untracked 
|  93|0x0000000085d00000, 0x0000000085d00000, 0x0000000085e00000|  0%| F|  |TAMS 0x0000000085d00000, 0x0000000085d00000| Untracked 
|  94|0x0000000085e00000, 0x0000000085e00000, 0x0000000085f00000|  0%| F|  |TAMS 0x0000000085e00000, 0x0000000085e00000| Untracked 
|  95|0x0000000085f00000, 0x0000000085f00000, 0x0000000086000000|  0%| F|  |TAMS 0x0000000085f00000, 0x0000000085f00000| Untracked 
|  96|0x0000000086000000, 0x0000000086000000, 0x0000000086100000|  0%| F|  |TAMS 0x0000000086000000, 0x0000000086000000| Untracked 
|  97|0x0000000086100000, 0x0000000086100000, 0x0000000086200000|  0%| F|  |TAMS 0x0000000086100000, 0x0000000086100000| Untracked 
|  98|0x0000000086200000, 0x0000000086200000, 0x0000000086300000|  0%| F|  |TAMS 0x0000000086200000, 0x0000000086200000| Untracked 
|  99|0x0000000086300000, 0x0000000086300000, 0x0000000086400000|  0%| F|  |TAMS 0x0000000086300000, 0x0000000086300000| Untracked 
| 100|0x0000000086400000, 0x0000000086400000, 0x0000000086500000|  0%| F|  |TAMS 0x0000000086400000, 0x0000000086400000| Untracked 
| 101|0x0000000086500000, 0x0000000086500000, 0x0000000086600000|  0%| F|  |TAMS 0x0000000086500000, 0x0000000086500000| Untracked 
| 102|0x0000000086600000, 0x0000000086600000, 0x0000000086700000|  0%| F|  |TAMS 0x0000000086600000, 0x0000000086600000| Untracked 
| 103|0x0000000086700000, 0x0000000086700000, 0x0000000086800000|  0%| F|  |TAMS 0x0000000086700000, 0x0000000086700000| Untracked 
| 104|0x0000000086800000, 0x0000000086800000, 0x0000000086900000|  0%| F|  |TAMS 0x0000000086800000, 0x0000000086800000| Untracked 
| 105|0x0000000086900000, 0x0000000086900000, 0x0000000086a00000|  0%| F|  |TAMS 0x0000000086900000, 0x0000000086900000| Untracked 
| 106|0x0000000086a00000, 0x0000000086a00000, 0x0000000086b00000|  0%| F|  |TAMS 0x0000000086a00000, 0x0000000086a00000| Untracked 
| 107|0x0000000086b00000, 0x0000000086b00000, 0x0000000086c00000|  0%| F|  |TAMS 0x0000000086b00000, 0x0000000086b00000| Untracked 
| 108|0x0000000086c00000, 0x0000000086c00000, 0x0000000086d00000|  0%| F|  |TAMS 0x0000000086c00000, 0x0000000086c00000| Untracked 
| 109|0x0000000086d00000, 0x0000000086d00000, 0x0000000086e00000|  0%| F|  |TAMS 0x0000000086d00000, 0x0000000086d00000| Untracked 
| 110|0x0000000086e00000, 0x0000000086e00000, 0x0000000086f00000|  0%| F|  |TAMS 0x0000000086e00000, 0x0000000086e00000| Untracked 
| 111|0x0000000086f00000, 0x0000000086f00000, 0x0000000087000000|  0%| F|  |TAMS 0x0000000086f00000, 0x0000000086f00000| Untracked 
| 112|0x0000000087000000, 0x0000000087000000, 0x0000000087100000|  0%| F|  |TAMS 0x0000000087000000, 0x0000000087000000| Untracked 
| 113|0x0000000087100000, 0x0000000087100000, 0x0000000087200000|  0%| F|  |TAMS 0x0000000087100000, 0x0000000087100000| Untracked 
| 114|0x0000000087200000, 0x0000000087200000, 0x0000000087300000|  0%| F|  |TAMS 0x0000000087200000, 0x0000000087200000| Untracked 
| 115|0x0000000087300000, 0x0000000087300000, 0x0000000087400000|  0%| F|  |TAMS 0x0000000087300000, 0x0000000087300000| Untracked 
| 116|0x0000000087400000, 0x0000000087400000, 0x0000000087500000|  0%| F|  |TAMS 0x0000000087400000, 0x0000000087400000| Untracked 
| 117|0x0000000087500000, 0x0000000087500000, 0x0000000087600000|  0%| F|  |TAMS 0x0000000087500000, 0x0000000087500000| Untracked 
| 118|0x0000000087600000, 0x0000000087600000, 0x0000000087700000|  0%| F|  |TAMS 0x0000000087600000, 0x0000000087600000| Untracked 
| 119|0x0000000087700000, 0x0000000087700000, 0x0000000087800000|  0%| F|  |TAMS 0x0000000087700000, 0x0000000087700000| Untracked 
| 120|0x0000000087800000, 0x0000000087800000, 0x0000000087900000|  0%| F|  |TAMS 0x0000000087800000, 0x0000000087800000| Untracked 
| 121|0x0000000087900000, 0x0000000087900000, 0x0000000087a00000|  0%| F|  |TAMS 0x0000000087900000, 0x0000000087900000| Untracked 
| 122|0x0000000087a00000, 0x0000000087a00000, 0x0000000087b00000|  0%| F|  |TAMS 0x0000000087a00000, 0x0000000087a00000| Untracked 
| 123|0x0000000087b00000, 0x0000000087b00000, 0x0000000087c00000|  0%| F|  |TAMS 0x0000000087b00000, 0x0000000087b00000| Untracked 
| 124|0x0000000087c00000, 0x0000000087c00000, 0x0000000087d00000|  0%| F|  |TAMS 0x0000000087c00000, 0x0000000087c00000| Untracked 
| 125|0x0000000087d00000, 0x0000000087d00000, 0x0000000087e00000|  0%| F|  |TAMS 0x0000000087d00000, 0x0000000087d00000| Untracked 
| 126|0x0000000087e00000, 0x0000000087e00000, 0x0000000087f00000|  0%| F|  |TAMS 0x0000000087e00000, 0x0000000087e00000| Untracked 
| 127|0x0000000087f00000, 0x0000000087f00000, 0x0000000088000000|  0%| F|  |TAMS 0x0000000087f00000, 0x0000000087f00000| Untracked 
| 128|0x0000000088000000, 0x0000000088000000, 0x0000000088100000|  0%| F|  |TAMS 0x0000000088000000, 0x0000000088000000| Untracked 
| 129|0x0000000088100000, 0x0000000088100000, 0x0000000088200000|  0%| F|  |TAMS 0x0000000088100000, 0x0000000088100000| Untracked 
| 130|0x0000000088200000, 0x0000000088200000, 0x0000000088300000|  0%| F|  |TAMS 0x0000000088200000, 0x0000000088200000| Untracked 
| 131|0x0000000088300000, 0x0000000088300000, 0x0000000088400000|  0%| F|  |TAMS 0x0000000088300000, 0x0000000088300000| Untracked 
| 132|0x0000000088400000, 0x0000000088400000, 0x0000000088500000|  0%| F|  |TAMS 0x0000000088400000, 0x0000000088400000| Untracked 
| 133|0x0000000088500000, 0x0000000088500000, 0x0000000088600000|  0%| F|  |TAMS 0x0000000088500000, 0x0000000088500000| Untracked 
| 134|0x0000000088600000, 0x0000000088600000, 0x0000000088700000|  0%| F|  |TAMS 0x0000000088600000, 0x0000000088600000| Untracked 
| 135|0x0000000088700000, 0x0000000088700000, 0x0000000088800000|  0%| F|  |TAMS 0x0000000088700000, 0x0000000088700000| Untracked 
| 136|0x0000000088800000, 0x0000000088800000, 0x0000000088900000|  0%| F|  |TAMS 0x0000000088800000, 0x0000000088800000| Untracked 
| 137|0x0000000088900000, 0x0000000088900000, 0x0000000088a00000|  0%| F|  |TAMS 0x0000000088900000, 0x0000000088900000| Untracked 
| 138|0x0000000088a00000, 0x0000000088a00000, 0x0000000088b00000|  0%| F|  |TAMS 0x0000000088a00000, 0x0000000088a00000| Untracked 
| 139|0x0000000088b00000, 0x0000000088b00000, 0x0000000088c00000|  0%| F|  |TAMS 0x0000000088b00000, 0x0000000088b00000| Untracked 
| 140|0x0000000088c00000, 0x0000000088c00000, 0x0000000088d00000|  0%| F|  |TAMS 0x0000000088c00000, 0x0000000088c00000| Untracked 
| 141|0x0000000088d00000, 0x0000000088d00000, 0x0000000088e00000|  0%| F|  |TAMS 0x0000000088d00000, 0x0000000088d00000| Untracked 
| 142|0x0000000088e00000, 0x0000000088e00000, 0x0000000088f00000|  0%| F|  |TAMS 0x0000000088e00000, 0x0000000088e00000| Untracked 
| 143|0x0000000088f00000, 0x0000000088f00000, 0x0000000089000000|  0%| F|  |TAMS 0x0000000088f00000, 0x0000000088f00000| Untracked 
| 144|0x0000000089000000, 0x0000000089000000, 0x0000000089100000|  0%| F|  |TAMS 0x0000000089000000, 0x0000000089000000| Untracked 
| 145|0x0000000089100000, 0x0000000089100000, 0x0000000089200000|  0%| F|  |TAMS 0x0000000089100000, 0x0000000089100000| Untracked 
| 146|0x0000000089200000, 0x0000000089200000, 0x0000000089300000|  0%| F|  |TAMS 0x0000000089200000, 0x0000000089200000| Untracked 
| 147|0x0000000089300000, 0x0000000089300000, 0x0000000089400000|  0%| F|  |TAMS 0x0000000089300000, 0x0000000089300000| Untracked 
| 148|0x0000000089400000, 0x0000000089400000, 0x0000000089500000|  0%| F|  |TAMS 0x0000000089400000, 0x0000000089400000| Untracked 
| 149|0x0000000089500000, 0x0000000089500000, 0x0000000089600000|  0%| F|  |TAMS 0x0000000089500000, 0x0000000089500000| Untracked 
| 150|0x0000000089600000, 0x0000000089600000, 0x0000000089700000|  0%| F|  |TAMS 0x0000000089600000, 0x0000000089600000| Untracked 
| 151|0x0000000089700000, 0x0000000089700000, 0x0000000089800000|  0%| F|  |TAMS 0x0000000089700000, 0x0000000089700000| Untracked 
| 152|0x0000000089800000, 0x0000000089800000, 0x0000000089900000|  0%| F|  |TAMS 0x0000000089800000, 0x0000000089800000| Untracked 
| 153|0x0000000089900000, 0x0000000089900000, 0x0000000089a00000|  0%| F|  |TAMS 0x0000000089900000, 0x0000000089900000| Untracked 
| 154|0x0000000089a00000, 0x0000000089a00000, 0x0000000089b00000|  0%| F|  |TAMS 0x0000000089a00000, 0x0000000089a00000| Untracked 
| 155|0x0000000089b00000, 0x0000000089b00000, 0x0000000089c00000|  0%| F|  |TAMS 0x0000000089b00000, 0x0000000089b00000| Untracked 
| 156|0x0000000089c00000, 0x0000000089c00000, 0x0000000089d00000|  0%| F|  |TAMS 0x0000000089c00000, 0x0000000089c00000| Untracked 
| 157|0x0000000089d00000, 0x0000000089d00000, 0x0000000089e00000|  0%| F|  |TAMS 0x0000000089d00000, 0x0000000089d00000| Untracked 
| 158|0x0000000089e00000, 0x0000000089e00000, 0x0000000089f00000|  0%| F|  |TAMS 0x0000000089e00000, 0x0000000089e00000| Untracked 
| 159|0x0000000089f00000, 0x0000000089f00000, 0x000000008a000000|  0%| F|  |TAMS 0x0000000089f00000, 0x0000000089f00000| Untracked 
| 160|0x000000008a000000, 0x000000008a000000, 0x000000008a100000|  0%| F|  |TAMS 0x000000008a000000, 0x000000008a000000| Untracked 
| 161|0x000000008a100000, 0x000000008a100000, 0x000000008a200000|  0%| F|  |TAMS 0x000000008a100000, 0x000000008a100000| Untracked 
| 162|0x000000008a200000, 0x000000008a200000, 0x000000008a300000|  0%| F|  |TAMS 0x000000008a200000, 0x000000008a200000| Untracked 
| 163|0x000000008a300000, 0x000000008a300000, 0x000000008a400000|  0%| F|  |TAMS 0x000000008a300000, 0x000000008a300000| Untracked 
| 164|0x000000008a400000, 0x000000008a400000, 0x000000008a500000|  0%| F|  |TAMS 0x000000008a400000, 0x000000008a400000| Untracked 
| 165|0x000000008a500000, 0x000000008a500000, 0x000000008a600000|  0%| F|  |TAMS 0x000000008a500000, 0x000000008a500000| Untracked 
| 166|0x000000008a600000, 0x000000008a600000, 0x000000008a700000|  0%| F|  |TAMS 0x000000008a600000, 0x000000008a600000| Untracked 
| 167|0x000000008a700000, 0x000000008a700000, 0x000000008a800000|  0%| F|  |TAMS 0x000000008a700000, 0x000000008a700000| Untracked 
| 168|0x000000008a800000, 0x000000008a800000, 0x000000008a900000|  0%| F|  |TAMS 0x000000008a800000, 0x000000008a800000| Untracked 
| 169|0x000000008a900000, 0x000000008a900000, 0x000000008aa00000|  0%| F|  |TAMS 0x000000008a900000, 0x000000008a900000| Untracked 
| 170|0x000000008aa00000, 0x000000008aac1848, 0x000000008ab00000| 75%| E|  |TAMS 0x000000008aa00000, 0x000000008aa00000| Complete 
| 171|0x000000008ab00000, 0x000000008ac00000, 0x000000008ac00000|100%| E|CS|TAMS 0x000000008ab00000, 0x000000008ab00000| Complete 
| 172|0x000000008ac00000, 0x000000008ad00000, 0x000000008ad00000|100%| E|CS|TAMS 0x000000008ac00000, 0x000000008ac00000| Complete 
| 173|0x000000008ad00000, 0x000000008ae00000, 0x000000008ae00000|100%| E|CS|TAMS 0x000000008ad00000, 0x000000008ad00000| Complete 
| 174|0x000000008ae00000, 0x000000008af00000, 0x000000008af00000|100%| E|  |TAMS 0x000000008ae00000, 0x000000008ae00000| Complete 
| 175|0x000000008af00000, 0x000000008b000000, 0x000000008b000000|100%| E|CS|TAMS 0x000000008af00000, 0x000000008af00000| Complete 
| 176|0x000000008b000000, 0x000000008b100000, 0x000000008b100000|100%| E|CS|TAMS 0x000000008b000000, 0x000000008b000000| Complete 
| 177|0x000000008b100000, 0x000000008b200000, 0x000000008b200000|100%| E|CS|TAMS 0x000000008b100000, 0x000000008b100000| Complete 
| 178|0x000000008b200000, 0x000000008b300000, 0x000000008b300000|100%| E|CS|TAMS 0x000000008b200000, 0x000000008b200000| Complete 
| 179|0x000000008b300000, 0x000000008b400000, 0x000000008b400000|100%| E|CS|TAMS 0x000000008b300000, 0x000000008b300000| Complete 
| 180|0x000000008b400000, 0x000000008b500000, 0x000000008b500000|100%| E|CS|TAMS 0x000000008b400000, 0x000000008b400000| Complete 
| 181|0x000000008b500000, 0x000000008b600000, 0x000000008b600000|100%| E|CS|TAMS 0x000000008b500000, 0x000000008b500000| Complete 
| 182|0x000000008b600000, 0x000000008b700000, 0x000000008b700000|100%| E|CS|TAMS 0x000000008b600000, 0x000000008b600000| Complete 
| 183|0x000000008b700000, 0x000000008b800000, 0x000000008b800000|100%| E|CS|TAMS 0x000000008b700000, 0x000000008b700000| Complete 
| 184|0x000000008b800000, 0x000000008b900000, 0x000000008b900000|100%| E|CS|TAMS 0x000000008b800000, 0x000000008b800000| Complete 
| 185|0x000000008b900000, 0x000000008ba00000, 0x000000008ba00000|100%| E|CS|TAMS 0x000000008b900000, 0x000000008b900000| Complete 
| 186|0x000000008ba00000, 0x000000008bb00000, 0x000000008bb00000|100%| E|CS|TAMS 0x000000008ba00000, 0x000000008ba00000| Complete 
| 187|0x000000008bb00000, 0x000000008bc00000, 0x000000008bc00000|100%| E|CS|TAMS 0x000000008bb00000, 0x000000008bb00000| Complete 
| 188|0x000000008bc00000, 0x000000008bd00000, 0x000000008bd00000|100%| E|CS|TAMS 0x000000008bc00000, 0x000000008bc00000| Complete 
| 189|0x000000008bd00000, 0x000000008be00000, 0x000000008be00000|100%| E|CS|TAMS 0x000000008bd00000, 0x000000008bd00000| Complete 
| 190|0x000000008be00000, 0x000000008bf00000, 0x000000008bf00000|100%| E|CS|TAMS 0x000000008be00000, 0x000000008be00000| Complete 
| 191|0x000000008bf00000, 0x000000008c000000, 0x000000008c000000|100%| E|CS|TAMS 0x000000008bf00000, 0x000000008bf00000| Complete 
| 192|0x000000008c000000, 0x000000008c100000, 0x000000008c100000|100%| E|CS|TAMS 0x000000008c000000, 0x000000008c000000| Complete 
| 193|0x000000008c100000, 0x000000008c200000, 0x000000008c200000|100%| E|CS|TAMS 0x000000008c100000, 0x000000008c100000| Complete 
| 194|0x000000008c200000, 0x000000008c300000, 0x000000008c300000|100%| E|CS|TAMS 0x000000008c200000, 0x000000008c200000| Complete 
| 195|0x000000008c300000, 0x000000008c400000, 0x000000008c400000|100%| E|CS|TAMS 0x000000008c300000, 0x000000008c300000| Complete 
| 196|0x000000008c400000, 0x000000008c500000, 0x000000008c500000|100%| E|CS|TAMS 0x000000008c400000, 0x000000008c400000| Complete 
| 197|0x000000008c500000, 0x000000008c600000, 0x000000008c600000|100%| E|CS|TAMS 0x000000008c500000, 0x000000008c500000| Complete 
| 198|0x000000008c600000, 0x000000008c700000, 0x000000008c700000|100%| E|CS|TAMS 0x000000008c600000, 0x000000008c600000| Complete 
| 199|0x000000008c700000, 0x000000008c800000, 0x000000008c800000|100%| E|CS|TAMS 0x000000008c700000, 0x000000008c700000| Complete 
| 200|0x000000008c800000, 0x000000008c900000, 0x000000008c900000|100%| E|CS|TAMS 0x000000008c800000, 0x000000008c800000| Complete 
| 201|0x000000008c900000, 0x000000008ca00000, 0x000000008ca00000|100%| E|CS|TAMS 0x000000008c900000, 0x000000008c900000| Complete 
| 202|0x000000008ca00000, 0x000000008cb00000, 0x000000008cb00000|100%| E|CS|TAMS 0x000000008ca00000, 0x000000008ca00000| Complete 
| 203|0x000000008cb00000, 0x000000008cc00000, 0x000000008cc00000|100%| E|CS|TAMS 0x000000008cb00000, 0x000000008cb00000| Complete 
| 204|0x000000008cc00000, 0x000000008cd00000, 0x000000008cd00000|100%| E|CS|TAMS 0x000000008cc00000, 0x000000008cc00000| Complete 
| 205|0x000000008cd00000, 0x000000008ce00000, 0x000000008ce00000|100%| E|CS|TAMS 0x000000008cd00000, 0x000000008cd00000| Complete 
| 206|0x000000008ce00000, 0x000000008cf00000, 0x000000008cf00000|100%| E|CS|TAMS 0x000000008ce00000, 0x000000008ce00000| Complete 
| 207|0x000000008cf00000, 0x000000008d000000, 0x000000008d000000|100%| E|CS|TAMS 0x000000008cf00000, 0x000000008cf00000| Complete 
| 208|0x000000008d000000, 0x000000008d100000, 0x000000008d100000|100%| E|CS|TAMS 0x000000008d000000, 0x000000008d000000| Complete 
| 209|0x000000008d100000, 0x000000008d200000, 0x000000008d200000|100%| E|CS|TAMS 0x000000008d100000, 0x000000008d100000| Complete 
| 210|0x000000008d200000, 0x000000008d300000, 0x000000008d300000|100%| E|CS|TAMS 0x000000008d200000, 0x000000008d200000| Complete 
| 211|0x000000008d300000, 0x000000008d400000, 0x000000008d400000|100%| E|CS|TAMS 0x000000008d300000, 0x000000008d300000| Complete 
| 212|0x000000008d400000, 0x000000008d500000, 0x000000008d500000|100%| E|CS|TAMS 0x000000008d400000, 0x000000008d400000| Complete 
| 213|0x000000008d500000, 0x000000008d600000, 0x000000008d600000|100%| E|CS|TAMS 0x000000008d500000, 0x000000008d500000| Complete 
| 296|0x0000000092800000, 0x0000000092900000, 0x0000000092900000|100%| E|CS|TAMS 0x0000000092800000, 0x0000000092800000| Complete 
| 297|0x0000000092900000, 0x0000000092a00000, 0x0000000092a00000|100%| E|CS|TAMS 0x0000000092900000, 0x0000000092900000| Complete 
| 298|0x0000000092a00000, 0x0000000092b00000, 0x0000000092b00000|100%| E|CS|TAMS 0x0000000092a00000, 0x0000000092a00000| Complete 
| 299|0x0000000092b00000, 0x0000000092c00000, 0x0000000092c00000|100%| E|CS|TAMS 0x0000000092b00000, 0x0000000092b00000| Complete 
| 300|0x0000000092c00000, 0x0000000092d00000, 0x0000000092d00000|100%| E|CS|TAMS 0x0000000092c00000, 0x0000000092c00000| Complete 
| 301|0x0000000092d00000, 0x0000000092e00000, 0x0000000092e00000|100%| E|CS|TAMS 0x0000000092d00000, 0x0000000092d00000| Complete 
| 302|0x0000000092e00000, 0x0000000092f00000, 0x0000000092f00000|100%| E|CS|TAMS 0x0000000092e00000, 0x0000000092e00000| Complete 
| 303|0x0000000092f00000, 0x0000000093000000, 0x0000000093000000|100%| E|CS|TAMS 0x0000000092f00000, 0x0000000092f00000| Complete 
| 304|0x0000000093000000, 0x0000000093100000, 0x0000000093100000|100%| E|CS|TAMS 0x0000000093000000, 0x0000000093000000| Complete 
| 305|0x0000000093100000, 0x0000000093200000, 0x0000000093200000|100%| E|CS|TAMS 0x0000000093100000, 0x0000000093100000| Complete 
| 306|0x0000000093200000, 0x0000000093300000, 0x0000000093300000|100%| E|CS|TAMS 0x0000000093200000, 0x0000000093200000| Complete 
| 307|0x0000000093300000, 0x0000000093400000, 0x0000000093400000|100%| E|CS|TAMS 0x0000000093300000, 0x0000000093300000| Complete 
| 308|0x0000000093400000, 0x0000000093500000, 0x0000000093500000|100%| E|CS|TAMS 0x0000000093400000, 0x0000000093400000| Complete 
| 319|0x0000000093f00000, 0x0000000094000000, 0x0000000094000000|100%| E|CS|TAMS 0x0000000093f00000, 0x0000000093f00000| Complete 

Card table byte_map: [0x000001cedd380000,0x000001cedd780000] _byte_map_base: 0x000001cedcf80000

Marking Bits (Prev, Next): (CMBitMap*) 0x000001cec6189a40, (CMBitMap*) 0x000001cec6189a00
 Prev Bits: [0x000001cedfb80000, 0x000001cee1b80000)
 Next Bits: [0x000001ceddb80000, 0x000001cedfb80000)

Polling page: 0x000001cec4120000

Metaspace:

Usage:
  Non-class:     61.91 MB used.
      Class:     10.16 MB used.
       Both:     72.07 MB used.

Virtual space:
  Non-class space:       64.00 MB reserved,      62.25 MB ( 97%) committed,  1 nodes.
      Class space:      416.00 MB reserved,      10.50 MB (  3%) committed,  1 nodes.
             Both:      480.00 MB reserved,      72.75 MB ( 15%) committed. 

Chunk freelists:
   Non-Class:  1.52 MB
       Class:  5.51 MB
        Both:  7.03 MB

MaxMetaspaceSize: 512.00 MB
CompressedClassSpaceSize: 416.00 MB
Initial GC threshold: 21.00 MB
Current GC threshold: 114.19 MB
CDS: on
MetaspaceReclaimPolicy: balanced
 - commit_granule_bytes: 65536.
 - commit_granule_words: 8192.
 - virtual_space_node_default_size: 8388608.
 - enlarge_chunks_in_place: 1.
 - new_chunks_are_fully_committed: 0.
 - uncommit_free_chunks: 1.
 - use_allocation_guard: 0.
 - handle_deallocations: 1.


Internal statistics:

num_allocs_failed_limit: 6.
num_arena_births: 948.
num_arena_deaths: 0.
num_vsnodes_births: 2.
num_vsnodes_deaths: 0.
num_space_committed: 1164.
num_space_uncommitted: 0.
num_chunks_returned_to_freelist: 6.
num_chunks_taken_from_freelist: 3910.
num_chunk_merges: 6.
num_chunk_splits: 2536.
num_chunks_enlarged: 1648.
num_inconsistent_stats: 0.

CodeHeap 'non-profiled nmethods': size=120000Kb used=5206Kb max_used=5206Kb free=114793Kb
 bounds [0x000001ced5720000, 0x000001ced5c40000, 0x000001cedcc50000]
CodeHeap 'profiled nmethods': size=120000Kb used=16452Kb max_used=16452Kb free=103547Kb
 bounds [0x000001cecdc50000, 0x000001cecec70000, 0x000001ced5180000]
CodeHeap 'non-nmethods': size=5760Kb used=2410Kb max_used=2512Kb free=3349Kb
 bounds [0x000001ced5180000, 0x000001ced5410000, 0x000001ced5720000]
 total_blobs=9302 nmethods=8360 adapters=854
 compilation: enabled
              stopped_count=0, restarted_count=0
 full_count=0

Compilation events (20 events):
Event: 46.826 Thread 0x000001ce9b033a40 nmethod 9089 0x000001cecec5d190 code [0x000001cecec5d360, 0x000001cecec5d758]
Event: 46.826 Thread 0x000001ce9b033a40 9090       3       org.gradle.api.internal.file.pattern.FixedPatternStep::matches (27 bytes)
Event: 46.826 Thread 0x000001ce9b033a40 nmethod 9090 0x000001cecec5d890 code [0x000001cecec5da40, 0x000001cecec5dc18]
Event: 46.826 Thread 0x000001ce9b033a40 9091       3       com.google.common.cache.CacheBuilder$1::recordLoadSuccess (1 bytes)
Event: 46.826 Thread 0x000001ce9b033a40 nmethod 9091 0x000001cecec5dd10 code [0x000001cecec5dea0, 0x000001cecec5dfb8]
Event: 46.827 Thread 0x000001ce9b033a40 9092       3       org.gradle.api.internal.file.pattern.PatternMatcherFactory$DefaultPatternMatcher::test (35 bytes)
Event: 46.828 Thread 0x000001ce9b033a40 nmethod 9092 0x000001cecec5e090 code [0x000001cecec5e260, 0x000001cecec5e5b8]
Event: 46.828 Thread 0x000001ce9b033a40 9093       3       org.gradle.api.internal.file.pattern.GreedyPathMatcher::matches (61 bytes)
Event: 46.829 Thread 0x000001ce9b033a40 nmethod 9093 0x000001cecec5e690 code [0x000001cecec5e880, 0x000001cecec5ee08]
Event: 46.861 Thread 0x000001ce9b0307e0 9094       4       com.google.common.io.CountingInputStream::read (33 bytes)
Event: 46.863 Thread 0x000001ce9b0307e0 nmethod 9094 0x000001ced5c22990 code [0x000001ced5c22b20, 0x000001ced5c22c28]
Event: 46.864 Thread 0x000001ce9b0307e0 9095       4       org.gradle.internal.hash.HashCode::<init> (5 bytes)
Event: 46.864 Thread 0x000001ce9b0307e0 nmethod 9095 0x000001ced5c22d90 code [0x000001ced5c22f00, 0x000001ced5c22f78]
Event: 46.865 Thread 0x000001ce9b0307e0 9096       4       org.gradle.internal.hash.HashCode::<init> (5 bytes)
Event: 46.866 Thread 0x000001ce9b0307e0 nmethod 9096 0x000001ced5c23090 code [0x000001ced5c23200, 0x000001ced5c23278]
Event: 46.929 Thread 0x000001ce9b033a40 9097       3       java.util.concurrent.locks.AbstractQueuedSynchronizer$ConditionObject::signalAll (34 bytes)
Event: 46.929 Thread 0x000001ce9b033a40 nmethod 9097 0x000001cecec5f010 code [0x000001cecec5f1e0, 0x000001cecec5f528]
Event: 47.625 Thread 0x000001cea4096110 nmethod 8990 0x000001ced5c23390 code [0x000001ced5c23f60, 0x000001ced5c2fc70]
Event: 47.663 Thread 0x000001ce9b033a40 9098       3       java.util.concurrent.ThreadPoolExecutor::runStateAtLeast (11 bytes)
Event: 47.663 Thread 0x000001ce9b033a40 nmethod 9098 0x000001cecec5f690 code [0x000001cecec5f820, 0x000001cecec5f978]

GC Heap History (20 events):
Event: 37.054 GC heap before
{Heap before GC invocations=17 (full 0):
 garbage-first heap   total 89088K, used 69963K [0x0000000080000000, 0x0000000100000000)
  region size 1024K, 26 young (26624K), 3 survivors (3072K)
 Metaspace       used 60997K, committed 61632K, reserved 491520K
  class space    used 8541K, committed 8832K, reserved 425984K
}
Event: 37.060 GC heap after
{Heap after GC invocations=18 (full 0):
 garbage-first heap   total 89088K, used 48547K [0x0000000080000000, 0x0000000100000000)
  region size 1024K, 2 young (2048K), 2 survivors (2048K)
 Metaspace       used 60997K, committed 61632K, reserved 491520K
  class space    used 8541K, committed 8832K, reserved 425984K
}
Event: 38.033 GC heap before
{Heap before GC invocations=19 (full 0):
 garbage-first heap   total 92160K, used 83363K [0x0000000080000000, 0x0000000100000000)
  region size 1024K, 25 young (25600K), 2 survivors (2048K)
 Metaspace       used 63267K, committed 63936K, reserved 491520K
  class space    used 8869K, committed 9152K, reserved 425984K
}
Event: 38.037 GC heap after
{Heap after GC invocations=20 (full 0):
 garbage-first heap   total 92160K, used 63225K [0x0000000080000000, 0x0000000100000000)
  region size 1024K, 4 young (4096K), 4 survivors (4096K)
 Metaspace       used 63267K, committed 63936K, reserved 491520K
  class space    used 8869K, committed 9152K, reserved 425984K
}
Event: 38.062 GC heap before
{Heap before GC invocations=20 (full 0):
 garbage-first heap   total 92160K, used 64249K [0x0000000080000000, 0x0000000100000000)
  region size 1024K, 5 young (5120K), 4 survivors (4096K)
 Metaspace       used 63346K, committed 64064K, reserved 491520K
  class space    used 8879K, committed 9216K, reserved 425984K
}
Event: 38.066 GC heap after
{Heap after GC invocations=21 (full 0):
 garbage-first heap   total 92160K, used 62848K [0x0000000080000000, 0x0000000100000000)
  region size 1024K, 1 young (1024K), 1 survivors (1024K)
 Metaspace       used 63346K, committed 64064K, reserved 491520K
  class space    used 8879K, committed 9216K, reserved 425984K
}
Event: 38.396 GC heap before
{Heap before GC invocations=21 (full 0):
 garbage-first heap   total 92160K, used 76160K [0x0000000080000000, 0x0000000100000000)
  region size 1024K, 14 young (14336K), 1 survivors (1024K)
 Metaspace       used 64341K, committed 65024K, reserved 491520K
  class space    used 9006K, committed 9344K, reserved 425984K
}
Event: 38.399 GC heap after
{Heap after GC invocations=22 (full 0):
 garbage-first heap   total 92160K, used 63377K [0x0000000080000000, 0x0000000100000000)
  region size 1024K, 1 young (1024K), 1 survivors (1024K)
 Metaspace       used 64341K, committed 65024K, reserved 491520K
  class space    used 9006K, committed 9344K, reserved 425984K
}
Event: 38.900 GC heap before
{Heap before GC invocations=23 (full 0):
 garbage-first heap   total 111616K, used 77713K [0x0000000080000000, 0x0000000100000000)
  region size 1024K, 15 young (15360K), 1 survivors (1024K)
 Metaspace       used 65448K, committed 66112K, reserved 491520K
  class space    used 9142K, committed 9472K, reserved 425984K
}
Event: 38.905 GC heap after
{Heap after GC invocations=24 (full 0):
 garbage-first heap   total 111616K, used 64610K [0x0000000080000000, 0x0000000100000000)
  region size 1024K, 2 young (2048K), 2 survivors (2048K)
 Metaspace       used 65448K, committed 66112K, reserved 491520K
  class space    used 9142K, committed 9472K, reserved 425984K
}
Event: 39.114 GC heap before
{Heap before GC invocations=24 (full 0):
 garbage-first heap   total 111616K, used 67682K [0x0000000080000000, 0x0000000100000000)
  region size 1024K, 5 young (5120K), 2 survivors (2048K)
 Metaspace       used 65671K, committed 66368K, reserved 491520K
  class space    used 9179K, committed 9536K, reserved 425984K
}
Event: 39.122 GC heap after
{Heap after GC invocations=25 (full 0):
 garbage-first heap   total 111616K, used 64902K [0x0000000080000000, 0x0000000100000000)
  region size 1024K, 1 young (1024K), 1 survivors (1024K)
 Metaspace       used 65671K, committed 66368K, reserved 491520K
  class space    used 9179K, committed 9536K, reserved 425984K
}
Event: 39.796 GC heap before
{Heap before GC invocations=25 (full 0):
 garbage-first heap   total 111616K, used 91526K [0x0000000080000000, 0x0000000100000000)
  region size 1024K, 27 young (27648K), 1 survivors (1024K)
 Metaspace       used 67180K, committed 67840K, reserved 491520K
  class space    used 9392K, committed 9728K, reserved 425984K
}
Event: 39.800 GC heap after
{Heap after GC invocations=26 (full 0):
 garbage-first heap   total 111616K, used 65704K [0x0000000080000000, 0x0000000100000000)
  region size 1024K, 2 young (2048K), 2 survivors (2048K)
 Metaspace       used 67180K, committed 67840K, reserved 491520K
  class space    used 9392K, committed 9728K, reserved 425984K
}
Event: 40.733 GC heap before
{Heap before GC invocations=27 (full 0):
 garbage-first heap   total 116736K, used 91304K [0x0000000080000000, 0x0000000100000000)
  region size 1024K, 27 young (27648K), 2 survivors (2048K)
 Metaspace       used 68152K, committed 68800K, reserved 491520K
  class space    used 9519K, committed 9856K, reserved 425984K
}
Event: 40.738 GC heap after
{Heap after GC invocations=28 (full 0):
 garbage-first heap   total 116736K, used 68281K [0x0000000080000000, 0x0000000100000000)
  region size 1024K, 4 young (4096K), 4 survivors (4096K)
 Metaspace       used 68152K, committed 68800K, reserved 491520K
  class space    used 9519K, committed 9856K, reserved 425984K
}
Event: 40.764 GC heap before
{Heap before GC invocations=28 (full 0):
 garbage-first heap   total 116736K, used 69305K [0x0000000080000000, 0x0000000100000000)
  region size 1024K, 5 young (5120K), 4 survivors (4096K)
 Metaspace       used 68159K, committed 68800K, reserved 491520K
  class space    used 9519K, committed 9856K, reserved 425984K
}
Event: 40.770 GC heap after
{Heap after GC invocations=29 (full 0):
 garbage-first heap   total 116736K, used 68315K [0x0000000080000000, 0x0000000100000000)
  region size 1024K, 1 young (1024K), 1 survivors (1024K)
 Metaspace       used 68159K, committed 68800K, reserved 491520K
  class space    used 9519K, committed 9856K, reserved 425984K
}
Event: 42.715 GC heap before
{Heap before GC invocations=29 (full 0):
 garbage-first heap   total 116736K, used 94939K [0x0000000080000000, 0x0000000100000000)
  region size 1024K, 27 young (27648K), 1 survivors (1024K)
 Metaspace       used 69404K, committed 70144K, reserved 491520K
  class space    used 9686K, committed 10048K, reserved 425984K
}
Event: 42.723 GC heap after
{Heap after GC invocations=30 (full 0):
 garbage-first heap   total 233472K, used 70781K [0x0000000080000000, 0x0000000100000000)
  region size 1024K, 3 young (3072K), 3 survivors (3072K)
 Metaspace       used 69404K, committed 70144K, reserved 491520K
  class space    used 9686K, committed 10048K, reserved 425984K
}

Dll operation events (15 events):
Event: 0.025 Loaded shared library C:\Program Files\Microsoft\jdk-17.0.12.7-hotspot\bin\java.dll
Event: 0.062 Loaded shared library C:\Program Files\Microsoft\jdk-17.0.12.7-hotspot\bin\jsvml.dll
Event: 0.205 Loaded shared library C:\Program Files\Microsoft\jdk-17.0.12.7-hotspot\bin\zip.dll
Event: 0.215 Loaded shared library C:\Program Files\Microsoft\jdk-17.0.12.7-hotspot\bin\instrument.dll
Event: 0.224 Loaded shared library C:\Program Files\Microsoft\jdk-17.0.12.7-hotspot\bin\net.dll
Event: 0.227 Loaded shared library C:\Program Files\Microsoft\jdk-17.0.12.7-hotspot\bin\nio.dll
Event: 0.239 Loaded shared library C:\Program Files\Microsoft\jdk-17.0.12.7-hotspot\bin\zip.dll
Event: 1.378 Loaded shared library C:\Program Files\Microsoft\jdk-17.0.12.7-hotspot\bin\jimage.dll
Event: 1.938 Loaded shared library C:\Program Files\Microsoft\jdk-17.0.12.7-hotspot\bin\verify.dll
Event: 2.612 Loaded shared library C:\Users\joiso\.gradle\native\c067742578af261105cb4f569cf0c3c89f3d7b1fecec35dd04571415982c5e48\windows-amd64\native-platform.dll
Event: 2.696 Loaded shared library C:\Users\joiso\.gradle\native\100fb08df4bc3b14c8652ba06237920a3bd2aa13389f12d3474272988ae205f9\windows-amd64\native-platform-file-events.dll
Event: 6.515 Loaded shared library C:\Program Files\Microsoft\jdk-17.0.12.7-hotspot\bin\management.dll
Event: 6.520 Loaded shared library C:\Program Files\Microsoft\jdk-17.0.12.7-hotspot\bin\management_ext.dll
Event: 7.135 Loaded shared library C:\Program Files\Microsoft\jdk-17.0.12.7-hotspot\bin\extnet.dll
Event: 8.230 Loaded shared library C:\Program Files\Microsoft\jdk-17.0.12.7-hotspot\bin\sunmscapi.dll

Deoptimization events (20 events):
Event: 46.610 Thread 0x000001cea171cad0 Uncommon trap: trap_request=0xffffffde fr.pc=0x000001ced5a4eebc relative=0x0000000000000fbc
Event: 46.610 Thread 0x000001cea171cad0 Uncommon trap: reason=class_check action=maybe_recompile pc=0x000001ced5a4eebc method=org.gradle.internal.snapshot.ChildMap$Entry.handleAncestorDescendantOrExactMatch(Lorg/gradle/internal/snapshot/VfsRelativePath;Lorg/gradle/internal/snapshot/CaseSensitiv
Event: 46.610 Thread 0x000001cea171cad0 DEOPT PACKING pc=0x000001ced5a4eebc sp=0x0000002f99bfe580
Event: 46.610 Thread 0x000001cea171cad0 DEOPT UNPACKING pc=0x000001ced51d69a3 sp=0x0000002f99bfe578 mode 2
Event: 46.610 Thread 0x000001cea171cad0 Uncommon trap: trap_request=0xffffffc6 fr.pc=0x000001ced5a05b3c relative=0x000000000000029c
Event: 46.610 Thread 0x000001cea171cad0 Uncommon trap: reason=bimorphic_or_optimized_type_check action=maybe_recompile pc=0x000001ced5a05b3c method=java.util.stream.StreamOpFlag.fromCharacteristics(Ljava/util/Spliterator;)I @ 14 c2
Event: 46.610 Thread 0x000001cea171cad0 DEOPT PACKING pc=0x000001ced5a05b3c sp=0x0000002f99bfe350
Event: 46.610 Thread 0x000001cea171cad0 DEOPT UNPACKING pc=0x000001ced51d69a3 sp=0x0000002f99bfe238 mode 2
Event: 46.665 Thread 0x000001cea17225f0 Uncommon trap: trap_request=0xffffffde fr.pc=0x000001ced5944768 relative=0x0000000000000968
Event: 46.665 Thread 0x000001cea17225f0 Uncommon trap: reason=class_check action=maybe_recompile pc=0x000001ced5944768 method=java.io.BufferedInputStream.read1([BII)I @ 39 c2
Event: 46.665 Thread 0x000001cea17225f0 DEOPT PACKING pc=0x000001ced5944768 sp=0x0000002f9a2fe6c0
Event: 46.665 Thread 0x000001cea17225f0 DEOPT UNPACKING pc=0x000001ced51d69a3 sp=0x0000002f9a2fe568 mode 2
Event: 46.866 Thread 0x000001cea171cad0 Uncommon trap: trap_request=0xffffffc6 fr.pc=0x000001ced59efc3c relative=0x00000000000007dc
Event: 46.866 Thread 0x000001cea171cad0 Uncommon trap: reason=bimorphic_or_optimized_type_check action=maybe_recompile pc=0x000001ced59efc3c method=java.util.stream.MatchOps$MatchOp.evaluateSequential(Ljava/util/stream/PipelineHelper;Ljava/util/Spliterator;)Ljava/lang/Boolean; @ 14 c2
Event: 46.866 Thread 0x000001cea171cad0 DEOPT PACKING pc=0x000001ced59efc3c sp=0x0000002f99bfa440
Event: 46.866 Thread 0x000001cea171cad0 DEOPT UNPACKING pc=0x000001ced51d69a3 sp=0x0000002f99bfa378 mode 2
Event: 51.891 Thread 0x000001cea171cad0 Uncommon trap: trap_request=0xffffff45 fr.pc=0x000001ced5bb461c relative=0x000000000000007c
Event: 51.891 Thread 0x000001cea171cad0 Uncommon trap: reason=unstable_if action=reinterpret pc=0x000001ced5bb461c method=org.gradle.internal.logging.slf4j.OutputEventListenerBackedLogger.isLevelAtMost(Lorg/gradle/api/logging/LogLevel;)Z @ 11 c2
Event: 51.891 Thread 0x000001cea171cad0 DEOPT PACKING pc=0x000001ced5bb461c sp=0x0000002f99bf70e0
Event: 51.891 Thread 0x000001cea171cad0 DEOPT UNPACKING pc=0x000001ced51d69a3 sp=0x0000002f99bf7080 mode 2

Classes loaded (20 events):
Event: 45.221 Loading class java/lang/Process$PipeInputStream
Event: 45.221 Loading class java/lang/Process$PipeInputStream done
Event: 45.224 Loading class jdk/internal/event/ProcessStartEvent
Event: 45.225 Loading class jdk/internal/event/ProcessStartEvent done
Event: 45.930 Loading class sun/reflect/annotation/AnnotationInvocationHandler$1
Event: 45.931 Loading class sun/reflect/annotation/AnnotationInvocationHandler$1 done
Event: 46.436 Loading class java/util/TreeMap$KeySpliterator
Event: 46.439 Loading class java/util/TreeMap$TreeMapSpliterator
Event: 46.441 Loading class java/util/TreeMap$TreeMapSpliterator done
Event: 46.441 Loading class java/util/TreeMap$KeySpliterator done
Event: 46.686 Loading class java/util/stream/ReferencePipeline$4
Event: 46.686 Loading class java/util/stream/ReferencePipeline$4 done
Event: 46.689 Loading class java/util/stream/ReduceOps$6
Event: 46.691 Loading class java/util/stream/ReduceOps$6 done
Event: 46.691 Loading class java/util/stream/ReduceOps$5ReducingSink
Event: 46.691 Loading class java/util/stream/ReduceOps$5ReducingSink done
Event: 46.691 Loading class java/util/stream/ReferencePipeline$4$1
Event: 46.691 Loading class java/util/stream/ReferencePipeline$4$1 done
Event: 51.889 Loading class java/util/logging/LogRecord
Event: 51.891 Loading class java/util/logging/LogRecord done

Classes unloaded (0 events):
No events

Classes redefined (0 events):
No events

Internal exceptions (20 events):
Event: 40.054 Thread 0x000001ce9b66f180 Exception <a 'java/lang/ClassNotFoundException'{0x0000000092dd7dc8}: org/jetbrains/kotlin/gradle/targets/js/npm/DefaultPeerNpmDependencyExtension$delegate$1Customizer> (0x0000000092dd7dc8) 
thrown [s\src\hotspot\share\classfile\systemDictionary.cpp, line 256]
Event: 40.119 Thread 0x000001ce9b66f180 Exception <a 'java/lang/NoSuchMethodError'{0x0000000092b44ce8}: static Lorg/jetbrains/kotlin/gradle/plugin/internal/DefaultIdeaSyncDetector$createIdeaPropertiesEvaluator$1;.<clinit>()V> (0x0000000092b44ce8) 
thrown [s\src\hotspot\share\prims\jni.cpp, line 1112]
Event: 44.063 Thread 0x000001ce9b66f180 Exception <a 'java/lang/NoSuchMethodError'{0x0000000092c93560}: 'int java.lang.invoke.DirectMethodHandle$Holder.invokeSpecialIFC(java.lang.Object, java.lang.Object, java.lang.Object, java.lang.Object, java.lang.Object)'> (0x0000000092c93560) 
thrown [s\src\hotspot\share\interpreter\linkResolver.cpp, line 759]
Event: 45.061 Thread 0x000001ce9b66f180 Exception <a 'java/lang/NoSuchMethodError'{0x000000008c3cd6d0}: 'java.lang.Object java.lang.invoke.DirectMethodHandle$Holder.newInvokeSpecial(java.lang.Object, java.lang.Object, java.lang.Object, java.lang.Object, java.lang.Object, java.lang.Object, int)'> (0x000000008c3cd6d0) 
thrown [s\src\hotspot\share\interpreter\linkResolver.cpp, line 759]
Event: 45.061 Thread 0x000001ce9b66f180 Exception <a 'java/lang/NoSuchMethodError'{0x000000008c3d3410}: 'java.lang.Object java.lang.invoke.DirectMethodHandle$Holder.invokeSpecial(java.lang.Object, java.lang.Object, java.lang.Object, java.lang.Object, java.lang.Object, java.lang.Object, java.lang.Object, int)'> (0x000000008c3d3410) 
thrown [s\src\hotspot\share\interpreter\linkResolver.cpp, line 759]
Event: 45.062 Thread 0x000001ce9b66f180 Exception <a 'java/lang/NoSuchMethodError'{0x000000008c3d8d38}: 'java.lang.Object java.lang.invoke.Invokers$Holder.linkToTargetMethod(java.lang.Object, java.lang.Object, java.lang.Object, java.lang.Object, java.lang.Object, int, java.lang.Object)'> (0x000000008c3d8d38) 
thrown [s\src\hotspot\share\interpreter\linkResolver.cpp, line 759]
Event: 45.089 Thread 0x000001cea20d20d0 Implicit null exception at 0x000001ced57a1460 to 0x000001ced57a15cc
Event: 45.090 Thread 0x000001cea20d20d0 Implicit null exception at 0x000001ced5b91920 to 0x000001ced5b92110
Event: 45.093 Thread 0x000001cea20d20d0 Implicit null exception at 0x000001ced593edcb to 0x000001ced593edf0
Event: 45.217 Thread 0x000001cea20ce410 Exception <a 'java/lang/NoSuchMethodError'{0x000000008be10d38}: 'void java.lang.invoke.DirectMethodHandle$Holder.invokeStatic(java.lang.Object, long)'> (0x000000008be10d38) 
thrown [s\src\hotspot\share\interpreter\linkResolver.cpp, line 759]
Event: 45.219 Thread 0x000001cea20ce410 Exception <a 'java/lang/NoSuchMethodError'{0x000000008be1bc10}: 'java.lang.Object java.lang.invoke.DirectMethodHandle$Holder.invokeStatic(java.lang.Object, java.lang.Object, long, java.lang.Object)'> (0x000000008be1bc10) 
thrown [s\src\hotspot\share\interpreter\linkResolver.cpp, line 759]
Event: 45.220 Thread 0x000001cea20ce410 Exception <a 'java/lang/NoSuchMethodError'{0x000000008be1f3e8}: 'java.lang.Object java.lang.invoke.DirectMethodHandle$Holder.invokeStaticInit(java.lang.Object, java.lang.Object, long, java.lang.Object)'> (0x000000008be1f3e8) 
thrown [s\src\hotspot\share\interpreter\linkResolver.cpp, line 759]
Event: 45.802 Thread 0x000001cea20ce410 Exception <a 'java/lang/NoSuchMethodError'{0x000000008be31f30}: 'void java.lang.invoke.DirectMethodHandle$Holder.invokeSpecial(java.lang.Object, java.lang.Object, int)'> (0x000000008be31f30) 
thrown [s\src\hotspot\share\interpreter\linkResolver.cpp, line 759]
Event: 45.848 Thread 0x000001ce9b66f180 Exception <a 'sun/nio/fs/WindowsException'{0x000000008bd68058}> (0x000000008bd68058) 
thrown [s\src\hotspot\share\prims\jni.cpp, line 516]
Event: 46.202 Thread 0x000001ce9b66f180 Exception <a 'java/lang/IncompatibleClassChangeError'{0x000000008b7bf668}: Found class java.lang.Object, but interface was expected> (0x000000008b7bf668) 
thrown [s\src\hotspot\share\interpreter\linkResolver.cpp, line 826]
Event: 46.511 Thread 0x000001cea171cad0 Exception <a 'java/lang/NoSuchMethodError'{0x000000008afad590}: 'void java.lang.invoke.DirectMethodHandle$Holder.invokeVirtual(java.lang.Object, java.lang.Object)'> (0x000000008afad590) 
thrown [s\src\hotspot\share\interpreter\linkResolver.cpp, line 759]
Event: 46.577 Thread 0x000001cea171cad0 Exception <a 'java/lang/NoSuchMethodError'{0x000000008aeaddd8}: 'void java.lang.invoke.DirectMethodHandle$Holder.invokeSpecial(java.lang.Object, java.lang.Object, java.lang.Object, java.lang.Object, int, java.lang.Object, java.lang.Object)'> (0x000000008aeaddd8) 
thrown [s\src\hotspot\share\interpreter\linkResolver.cpp, line 759]
Event: 46.603 Thread 0x000001cea171cad0 Exception <a 'java/lang/NoSuchMethodError'{0x000000008ad5fae8}: 'void java.lang.invoke.DirectMethodHandle$Holder.invokeInterface(java.lang.Object, java.lang.Object, java.lang.Object, java.lang.Object)'> (0x000000008ad5fae8) 
thrown [s\src\hotspot\share\interpreter\linkResolver.cpp, line 759]
Event: 46.758 Thread 0x000001cea171cad0 Exception <a 'java/lang/NoSuchMethodError'{0x000000008aba1ad8}: 'int java.lang.invoke.DirectMethodHandle$Holder.invokeSpecial(java.lang.Object, java.lang.Object, java.lang.Object, java.lang.Object, java.lang.Object)'> (0x000000008aba1ad8) 
thrown [s\src\hotspot\share\interpreter\linkResolver.cpp, line 759]
Event: 51.892 Thread 0x000001cea171cad0 Exception <a 'net/rubygrapefruit/platform/NativeException'{0x000000008abf4330}: Execution timed out> (0x000000008abf4330) 
thrown [s\src\hotspot\share\prims\jni.cpp, line 535]

VM Operations (20 events):
Event: 46.237 Executing VM operation: Cleanup
Event: 46.238 Executing VM operation: Cleanup done
Event: 46.446 Executing VM operation: HandshakeAllThreads
Event: 46.446 Executing VM operation: HandshakeAllThreads done
Event: 46.466 Executing VM operation: HandshakeAllThreads
Event: 46.467 Executing VM operation: HandshakeAllThreads done
Event: 46.470 Executing VM operation: HandshakeAllThreads
Event: 46.470 Executing VM operation: HandshakeAllThreads done
Event: 46.561 Executing VM operation: HandshakeAllThreads
Event: 46.561 Executing VM operation: HandshakeAllThreads done
Event: 46.591 Executing VM operation: HandshakeAllThreads
Event: 46.591 Executing VM operation: HandshakeAllThreads done
Event: 46.755 Executing VM operation: HandshakeAllThreads
Event: 46.755 Executing VM operation: HandshakeAllThreads done
Event: 47.769 Executing VM operation: Cleanup
Event: 47.769 Executing VM operation: Cleanup done
Event: 51.897 Executing VM operation: HandshakeAllThreads
Event: 51.897 Executing VM operation: HandshakeAllThreads done
Event: 51.897 Executing VM operation: Cleanup
Event: 51.897 Executing VM operation: Cleanup done

Events (20 events):
Event: 45.096 Thread 0x000001cea20cd4e0 Thread added: 0x000001cea20cd4e0
Event: 45.097 Thread 0x000001cea20cfd60 Thread added: 0x000001cea20cfd60
Event: 45.098 Thread 0x000001cea20cee30 Thread added: 0x000001cea20cee30
Event: 45.102 Thread 0x000001cea20cb170 Thread added: 0x000001cea20cb170
Event: 45.186 Thread 0x000001cea20ce410 Thread added: 0x000001cea20ce410
Event: 45.227 Thread 0x000001cea171da00 Thread added: 0x000001cea171da00
Event: 45.227 Thread 0x000001cea171c5c0 Thread added: 0x000001cea171c5c0
Event: 45.849 Thread 0x000001cea4096110 Thread exited: 0x000001cea4096110
Event: 45.947 Thread 0x000001cea4096110 Thread added: 0x000001cea4096110
Event: 46.171 Thread 0x000001cea4a36a00 Thread added: 0x000001cea4a36a00
Event: 46.310 Thread 0x000001cea171ee40 Thread added: 0x000001cea171ee40
Event: 46.324 Thread 0x000001cea171cad0 Thread added: 0x000001cea171cad0
Event: 46.325 Thread 0x000001cea17220e0 Thread added: 0x000001cea17220e0
Event: 46.325 Thread 0x000001cea1720280 Thread added: 0x000001cea1720280
Event: 46.326 Thread 0x000001cea171bba0 Thread added: 0x000001cea171bba0
Event: 46.326 Thread 0x000001cea171fd70 Thread added: 0x000001cea171fd70
Event: 46.326 Thread 0x000001cea171df10 Thread added: 0x000001cea171df10
Event: 46.327 Thread 0x000001cea1721bd0 Thread added: 0x000001cea1721bd0
Event: 46.396 Thread 0x000001cea17225f0 Thread added: 0x000001cea17225f0
Event: 46.825 Thread 0x000001cea4a36a00 Thread exited: 0x000001cea4a36a00


Dynamic libraries:
0x00007ff63dc00000 - 0x00007ff63dc0e000 	C:\Program Files\Microsoft\jdk-17.0.12.7-hotspot\bin\java.exe
0x00007ffa67690000 - 0x00007ffa678a7000 	C:\WINDOWS\SYSTEM32\ntdll.dll
0x00007ffa65ee0000 - 0x00007ffa65fa4000 	C:\WINDOWS\System32\KERNEL32.DLL
0x00007ffa64b50000 - 0x00007ffa64f07000 	C:\WINDOWS\System32\KERNELBASE.dll
0x00007ffa651a0000 - 0x00007ffa652b1000 	C:\WINDOWS\System32\ucrtbase.dll
0x00007ffa45760000 - 0x00007ffa45777000 	C:\Program Files\Microsoft\jdk-17.0.12.7-hotspot\bin\jli.dll
0x00007ffa65ae0000 - 0x00007ffa65c8f000 	C:\WINDOWS\System32\USER32.dll
0x00007ffa652c0000 - 0x00007ffa652e6000 	C:\WINDOWS\System32\win32u.dll
0x00007ffa66450000 - 0x00007ffa66479000 	C:\WINDOWS\System32\GDI32.dll
0x00007ffa64f10000 - 0x00007ffa65028000 	C:\WINDOWS\System32\gdi32full.dll
0x00007ffa65320000 - 0x00007ffa653ba000 	C:\WINDOWS\System32\msvcp_win.dll
0x00007ffa3c4a0000 - 0x00007ffa3c4bd000 	C:\Program Files\Microsoft\jdk-17.0.12.7-hotspot\bin\VCRUNTIME140.dll
0x00007ffa3ef80000 - 0x00007ffa3f213000 	C:\WINDOWS\WinSxS\amd64_microsoft.windows.common-controls_6595b64144ccf1df_6.0.22621.3672_none_2713b9d173822955\COMCTL32.dll
0x00007ffa66a50000 - 0x00007ffa66af7000 	C:\WINDOWS\System32\msvcrt.dll
0x00007ffa65d00000 - 0x00007ffa65d31000 	C:\WINDOWS\System32\IMM32.DLL
0x00007ffa4e4c0000 - 0x00007ffa4e4cc000 	C:\Program Files\Microsoft\jdk-17.0.12.7-hotspot\bin\vcruntime140_1.dll
0x00007ffa3ac50000 - 0x00007ffa3acdd000 	C:\Program Files\Microsoft\jdk-17.0.12.7-hotspot\bin\msvcp140.dll
0x00007ff9d2c90000 - 0x00007ff9d3900000 	C:\Program Files\Microsoft\jdk-17.0.12.7-hotspot\bin\server\jvm.dll
0x00007ffa66740000 - 0x00007ffa667f2000 	C:\WINDOWS\System32\ADVAPI32.dll
0x00007ffa66990000 - 0x00007ffa66a38000 	C:\WINDOWS\System32\sechost.dll
0x00007ffa652f0000 - 0x00007ffa65318000 	C:\WINDOWS\System32\bcrypt.dll
0x00007ffa65dc0000 - 0x00007ffa65ed4000 	C:\WINDOWS\System32\RPCRT4.dll
0x00007ffa663b0000 - 0x00007ffa66421000 	C:\WINDOWS\System32\WS2_32.dll
0x00007ffa64870000 - 0x00007ffa648bd000 	C:\WINDOWS\SYSTEM32\POWRPROF.dll
0x00007ffa5b100000 - 0x00007ffa5b134000 	C:\WINDOWS\SYSTEM32\WINMM.dll
0x00007ffa5ef00000 - 0x00007ffa5ef0a000 	C:\WINDOWS\SYSTEM32\VERSION.dll
0x00007ffa64850000 - 0x00007ffa64863000 	C:\WINDOWS\SYSTEM32\UMPDC.dll
0x00007ffa63990000 - 0x00007ffa639a8000 	C:\WINDOWS\SYSTEM32\kernel.appcore.dll
0x00007ffa3c490000 - 0x00007ffa3c49a000 	C:\Program Files\Microsoft\jdk-17.0.12.7-hotspot\bin\jimage.dll
0x00007ffa5c5b0000 - 0x00007ffa5c7e2000 	C:\WINDOWS\SYSTEM32\DBGHELP.DLL
0x00007ffa65fb0000 - 0x00007ffa6633e000 	C:\WINDOWS\System32\combase.dll
0x00007ffa668b0000 - 0x00007ffa66987000 	C:\WINDOWS\System32\OLEAUT32.dll
0x00007ffa5bd60000 - 0x00007ffa5bd92000 	C:\WINDOWS\SYSTEM32\dbgcore.DLL
0x00007ffa64a10000 - 0x00007ffa64a8b000 	C:\WINDOWS\System32\bcryptPrimitives.dll
0x00007ff9e6f50000 - 0x00007ff9e6f5e000 	C:\Program Files\Microsoft\jdk-17.0.12.7-hotspot\bin\instrument.dll
0x00007ff9e7120000 - 0x00007ff9e7145000 	C:\Program Files\Microsoft\jdk-17.0.12.7-hotspot\bin\java.dll
0x00007ff9e7040000 - 0x00007ff9e7117000 	C:\Program Files\Microsoft\jdk-17.0.12.7-hotspot\bin\jsvml.dll
0x00007ffa66ce0000 - 0x00007ffa67549000 	C:\WINDOWS\System32\SHELL32.dll
0x00007ffa628a0000 - 0x00007ffa6319f000 	C:\WINDOWS\SYSTEM32\windows.storage.dll
0x00007ffa62760000 - 0x00007ffa6289f000 	C:\WINDOWS\SYSTEM32\wintypes.dll
0x00007ffa67550000 - 0x00007ffa67649000 	C:\WINDOWS\System32\SHCORE.dll
0x00007ffa658d0000 - 0x00007ffa6592e000 	C:\WINDOWS\System32\shlwapi.dll
0x00007ffa648d0000 - 0x00007ffa648f7000 	C:\WINDOWS\SYSTEM32\profapi.dll
0x00007ff9e6fd0000 - 0x00007ff9e6fe8000 	C:\Program Files\Microsoft\jdk-17.0.12.7-hotspot\bin\zip.dll
0x00007ffa3c470000 - 0x00007ffa3c48a000 	C:\Program Files\Microsoft\jdk-17.0.12.7-hotspot\bin\net.dll
0x00007ffa5e670000 - 0x00007ffa5e7a6000 	C:\WINDOWS\SYSTEM32\WINHTTP.dll
0x00007ffa63df0000 - 0x00007ffa63e59000 	C:\WINDOWS\system32\mswsock.dll
0x00007ff9e7020000 - 0x00007ff9e7036000 	C:\Program Files\Microsoft\jdk-17.0.12.7-hotspot\bin\nio.dll
0x00007ff9e6fc0000 - 0x00007ff9e6fd0000 	C:\Program Files\Microsoft\jdk-17.0.12.7-hotspot\bin\verify.dll
0x00007ff9e6f90000 - 0x00007ff9e6fb7000 	C:\Users\joiso\.gradle\native\c067742578af261105cb4f569cf0c3c89f3d7b1fecec35dd04571415982c5e48\windows-amd64\native-platform.dll
0x00007ff9e58f0000 - 0x00007ff9e5a34000 	C:\Users\joiso\.gradle\native\100fb08df4bc3b14c8652ba06237920a3bd2aa13389f12d3474272988ae205f9\windows-amd64\native-platform-file-events.dll
0x00007ff9e6f70000 - 0x00007ff9e6f7a000 	C:\Program Files\Microsoft\jdk-17.0.12.7-hotspot\bin\management.dll
0x00007ff9e6f60000 - 0x00007ff9e6f6b000 	C:\Program Files\Microsoft\jdk-17.0.12.7-hotspot\bin\management_ext.dll
0x00007ffa66b20000 - 0x00007ffa66b28000 	C:\WINDOWS\System32\PSAPI.DLL
0x00007ffa64140000 - 0x00007ffa6415b000 	C:\WINDOWS\SYSTEM32\CRYPTSP.dll
0x00007ffa638f0000 - 0x00007ffa63925000 	C:\WINDOWS\system32\rsaenh.dll
0x00007ffa63e90000 - 0x00007ffa63eb8000 	C:\WINDOWS\SYSTEM32\USERENV.dll
0x00007ffa64120000 - 0x00007ffa6412c000 	C:\WINDOWS\SYSTEM32\CRYPTBASE.dll
0x00007ffa63400000 - 0x00007ffa6342d000 	C:\WINDOWS\SYSTEM32\IPHLPAPI.DLL
0x00007ffa66340000 - 0x00007ffa66349000 	C:\WINDOWS\System32\NSI.dll
0x00007ffa5e7d0000 - 0x00007ffa5e7e9000 	C:\WINDOWS\SYSTEM32\dhcpcsvc6.DLL
0x00007ffa5e4b0000 - 0x00007ffa5e4cf000 	C:\WINDOWS\SYSTEM32\dhcpcsvc.DLL
0x00007ffa63470000 - 0x00007ffa63572000 	C:\WINDOWS\SYSTEM32\DNSAPI.dll
0x00007ff9e6ef0000 - 0x00007ff9e6ef9000 	C:\Program Files\Microsoft\jdk-17.0.12.7-hotspot\bin\extnet.dll
0x00007ff9e6290000 - 0x00007ff9e629e000 	C:\Program Files\Microsoft\jdk-17.0.12.7-hotspot\bin\sunmscapi.dll
0x00007ffa65030000 - 0x00007ffa65196000 	C:\WINDOWS\System32\CRYPT32.dll
0x00007ffa64270000 - 0x00007ffa6429e000 	C:\WINDOWS\SYSTEM32\ncrypt.dll
0x00007ffa641f0000 - 0x00007ffa64227000 	C:\WINDOWS\SYSTEM32\NTASN1.dll
0x00007ffa42570000 - 0x00007ffa42578000 	C:\WINDOWS\system32\wshunix.dll
0x00007ffa5c820000 - 0x00007ffa5c82a000 	C:\Windows\System32\rasadhlp.dll
0x00007ffa5dec0000 - 0x00007ffa5df43000 	C:\WINDOWS\System32\fwpuclnt.dll
0x00007ffa52ac0000 - 0x00007ffa52ad7000 	C:\WINDOWS\system32\napinsp.dll
0x00007ffa52aa0000 - 0x00007ffa52abb000 	C:\WINDOWS\system32\pnrpnsp.dll
0x00007ffa40c20000 - 0x00007ffa40c31000 	C:\WINDOWS\System32\winrnr.dll
0x00007ffa5e060000 - 0x00007ffa5e075000 	C:\WINDOWS\system32\wshbth.dll
0x00007ffa38ee0000 - 0x00007ffa38f07000 	C:\WINDOWS\system32\nlansp_c.dll

dbghelp: loaded successfully - version: 4.0.5 - missing functions: none
symbol engine: initialized successfully - sym options: 0x614 - pdb path: .;C:\Program Files\Microsoft\jdk-17.0.12.7-hotspot\bin;C:\WINDOWS\SYSTEM32;C:\WINDOWS\WinSxS\amd64_microsoft.windows.common-controls_6595b64144ccf1df_6.0.22621.3672_none_2713b9d173822955;C:\Program Files\Microsoft\jdk-17.0.12.7-hotspot\bin\server;C:\Users\joiso\.gradle\native\c067742578af261105cb4f569cf0c3c89f3d7b1fecec35dd04571415982c5e48\windows-amd64;C:\Users\joiso\.gradle\native\100fb08df4bc3b14c8652ba06237920a3bd2aa13389f12d3474272988ae205f9\windows-amd64

VM Arguments:
jvm_args: -XX:MaxMetaspaceSize=512m --add-opens=java.base/java.util=ALL-UNNAMED --add-opens=java.base/java.lang=ALL-UNNAMED --add-opens=java.base/java.lang.invoke=ALL-UNNAMED --add-opens=java.prefs/java.util.prefs=ALL-UNNAMED --add-opens=java.base/java.nio.charset=ALL-UNNAMED --add-opens=java.base/java.net=ALL-UNNAMED --add-opens=java.base/java.util.concurrent.atomic=ALL-UNNAMED -Xmx2048m -Dfile.encoding=windows-1252 -Duser.country=BR -Duser.language=pt -Duser.variant -javaagent:C:\Users\joiso\.gradle\wrapper\dists\gradle-8.8-all\6gdy1pgp427xkqcjbxw3ylt6h\gradle-8.8\lib\agents\gradle-instrumentation-agent-8.8.jar 
java_command: org.gradle.launcher.daemon.bootstrap.GradleDaemon 8.8
java_class_path (initial): C:\Users\joiso\.gradle\wrapper\dists\gradle-8.8-all\6gdy1pgp427xkqcjbxw3ylt6h\gradle-8.8\lib\gradle-launcher-8.8.jar
Launcher Type: SUN_STANDARD

[Global flags]
     intx CICompilerCount                          = 4                                         {product} {ergonomic}
   size_t CompressedClassSpaceSize                 = 436207616                                 {product} {ergonomic}
     uint ConcGCThreads                            = 2                                         {product} {ergonomic}
     uint G1ConcRefinementThreads                  = 8                                         {product} {ergonomic}
   size_t G1HeapRegionSize                         = 1048576                                   {product} {ergonomic}
    uintx GCDrainStackTargetSize                   = 64                                        {product} {ergonomic}
   size_t InitialHeapSize                          = 335544320                                 {product} {ergonomic}
   size_t MarkStackSize                            = 4194304                                   {product} {ergonomic}
   size_t MaxHeapSize                              = 2147483648                                {product} {command line}
   size_t MaxMetaspaceSize                         = 536870912                                 {product} {command line}
   size_t MaxNewSize                               = 1287651328                                {product} {ergonomic}
   size_t MinHeapDeltaBytes                        = 1048576                                   {product} {ergonomic}
   size_t MinHeapSize                              = 8388608                                   {product} {ergonomic}
    uintx NonNMethodCodeHeapSize                   = 5839372                                {pd product} {ergonomic}
    uintx NonProfiledCodeHeapSize                  = 122909434                              {pd product} {ergonomic}
    uintx ProfiledCodeHeapSize                     = 122909434                              {pd product} {ergonomic}
    uintx ReservedCodeCacheSize                    = 251658240                              {pd product} {ergonomic}
     bool SegmentedCodeCache                       = true                                      {product} {ergonomic}
   size_t SoftMaxHeapSize                          = 2147483648                             {manageable} {ergonomic}
     bool UseCompressedClassPointers               = true                           {product lp64_product} {ergonomic}
     bool UseCompressedOops                        = true                           {product lp64_product} {ergonomic}
     bool UseG1GC                                  = true                                      {product} {ergonomic}
     bool UseLargePagesIndividualAllocation        = false                                  {pd product} {ergonomic}

Logging:
Log output configuration:
 #0: stdout all=warning uptime,level,tags
 #1: stderr all=off uptime,level,tags

Environment Variables:
JAVA_HOME=C:\Program Files\Microsoft\jdk-17.0.12.7-hotspot\
CLASSPATH=C:\Projetos\OralDMPlus\android\\gradle\wrapper\gradle-wrapper.jar
PATH=C:\Projetos\OralDMPlus\node_modules\.bin;C:\Projetos\OralDMPlus\node_modules\.bin;C:\Projetos\node_modules\.bin;C:\node_modules\.bin;C:\Program Files\nodejs\node_modules\npm\node_modules\@npmcli\run-script\lib\node-gyp-bin;C:\Program Files\Microsoft\jdk-17.0.12.7-hotspot\bin;C:\Program Files (x86)\Common Files\Oracle\Java\javapath;C:\Python312\Scripts\;C:\Python312\;C:\WINDOWS\system32;C:\WINDOWS;C:\WINDOWS\System32\Wbem;C:\WINDOWS\System32\WindowsPowerShell\v1.0\;C:\WINDOWS\System32\OpenSSH\;C:\Program Files\Git\cmd;C:\ProgramData\chocolatey\bin;C:\Program Files\Docker\Docker\resources\bin;C:\Users\joiso\AppData\Roaming\nvm;C:\Program Files\nodejs;C:\ProgramData\ComposerSetup\bin;C:\Program Files\MATLAB\R2024a\bin;C:\Program Files\nodejs\;C:\Users\joiso\AppData\Local\Microsoft\WindowsApps;C:\Users\joiso\AppData\Local\Programs\Microsoft VS Code\bin;C:\Program Files\GPAC;C:\webm\bin;C:\Program Files\Java\jre-1.8\bin;C:\Users\joiso\AppData\Roaming\nvm;C:\Program Files\nodejs;C:\Users\joiso\.pyenv\pyenv-win\bin;C:\php\php-8.2.19-Win32-vs16-x64;C:\Users\joiso\AppData\Roaming\Composer\vendor\bin;C:\Users\joiso\AppData\Roaming\npm;C:\Users\joiso\AppData\Local\Android\Sdk\emulator;C:\Users\joiso\AppData\Local\Android\Sdk\platform-tools;C:\Users\joiso\AppData\Local\Android\Sdk\tools;C:\Users\joiso\AppData\Local\Android\Sdk\tools\bin;
USERNAME=joiso
LANG=en_US.UTF-8
OS=Windows_NT
PROCESSOR_IDENTIFIER=Intel64 Family 6 Model 142 Stepping 10, GenuineIntel
TMP=C:\Users\joiso\AppData\Local\Temp
TEMP=C:\Users\joiso\AppData\Local\Temp



Periodic native trim disabled


---------------  S Y S T E M  ---------------

OS:
 Windows 11 , 64 bit Build 22621 (10.0.22621.3958)
OS uptime: 0 days 12:08 hours
Hyper-V role detected

CPU: total 8 (initial active 8) (4 cores per cpu, 2 threads per core) family 6 model 142 stepping 10 microcode 0xea, cx8, cmov, fxsr, ht, mmx, 3dnowpref, sse, sse2, sse3, ssse3, sse4.1, sse4.2, popcnt, lzcnt, tsc, tscinvbit, avx, avx2, aes, erms, clmul, bmi1, bmi2, adx, fma, vzeroupper, clflush, clflushopt, hv
Processor Information for the first 8 processors :
  Max Mhz: 1800, Current Mhz: 1600, Mhz Limit: 1584

Memory: 4k page, system-wide physical 20389M (9094M free)
TotalPageFile size 23461M (AvailPageFile size 11924M)
current process WorkingSet (physical memory assigned to process): 340M, peak: 378M
current process commit charge ("private bytes"): 468M, peak: 510M

vm_info: OpenJDK 64-Bit Server VM (17.0.12+7-LTS) for windows-amd64 JRE (17.0.12+7-LTS), built on Jul 16 2024 18:11:44 by "MicrosoftCorporation" with unknown MS VC++:1939

END.
